2022-12-15 13:22:53,631 [Worker-1: Loading available Gradle versions] INFO  o.e.b.c.i.u.g.PublishedGradleVersions - Gradle version information cache is up-to-date. Trying to read.
2022-12-15 14:12:06,838 [Worker-13: Import Getting Started Content] INFO  o.e.m.c.i.l.LifecycleMappingFactory - Using org.eclipse.m2e.jdt.JarLifecycleMapping lifecycle mapping for MavenProject: com.cab:CabBookingApplication:0.0.1-SNAPSHOT @ C:\Users\ACER\OneDrive\Desktop\Web-19-Github\Aman_fw19_0965\unit-7\sprint-4\optional\Thursday-spring-mock\CabBookingApplication\pom.xml.
2022-12-15 14:12:11,734 [Worker-13: Import Getting Started Content] INFO  o.e.m.j.i.AbstractJavaProjectConfigurator - Adding source folder /CabBookingApplication/src/main/java
2022-12-15 14:12:11,750 [Worker-13: Import Getting Started Content] INFO  o.e.m.j.i.AbstractJavaProjectConfigurator - Adding resource folder /CabBookingApplication/src/main/resources
2022-12-15 14:12:11,750 [Worker-13: Import Getting Started Content] INFO  o.e.m.j.i.AbstractJavaProjectConfigurator - Adding resource folder /CabBookingApplication/src/main/resources
2022-12-15 14:12:11,765 [Worker-13: Import Getting Started Content] INFO  o.e.m.j.i.AbstractJavaProjectConfigurator - Adding source folder /CabBookingApplication/src/test/java
2022-12-15 14:12:14,335 [Worker-13: Import Getting Started Content] INFO  o.e.m.c.i.p.ProjectConfigurationManager - Imported and configured 1 project(s) in 12 sec
2022-12-15 14:12:14,350 [Worker-13: Import Getting Started Content] INFO  o.e.m.c.i.p.ProjectConfigurationManager - Update started
2022-12-15 14:12:14,850 [Worker-13: Import Getting Started Content] INFO  o.e.m.c.i.l.LifecycleMappingFactory - Using org.eclipse.m2e.jdt.JarLifecycleMapping lifecycle mapping for MavenProject: com.cab:CabBookingApplication:0.0.1-SNAPSHOT @ C:\Users\ACER\OneDrive\Desktop\Web-19-Github\Aman_fw19_0965\unit-7\sprint-4\optional\Thursday-spring-mock\CabBookingApplication\pom.xml.
2022-12-15 14:12:15,785 [Worker-13: Import Getting Started Content] INFO  o.e.m.j.i.AbstractJavaProjectConfigurator - Adding source folder /CabBookingApplication/src/main/java
2022-12-15 14:12:15,785 [Worker-13: Import Getting Started Content] INFO  o.e.m.j.i.AbstractJavaProjectConfigurator - Adding resource folder /CabBookingApplication/src/main/resources
2022-12-15 14:12:15,787 [Worker-13: Import Getting Started Content] INFO  o.e.m.j.i.AbstractJavaProjectConfigurator - Adding resource folder /CabBookingApplication/src/main/resources
2022-12-15 14:12:15,790 [Worker-13: Import Getting Started Content] INFO  o.e.m.j.i.AbstractJavaProjectConfigurator - Adding source folder /CabBookingApplication/src/test/java
2022-12-15 14:12:16,915 [Worker-13: Import Getting Started Content] INFO  o.e.m.c.i.p.ProjectConfigurationManager - Update completed: 2 sec
2022-12-15 14:12:20,667 [Worker-9: Building] INFO  o.a.m.s.f.DefaultMavenResourcesFiltering - Copying 1 resource
2022-12-15 14:12:20,698 [Worker-9: Building] INFO  o.a.m.s.f.DefaultMavenResourcesFiltering - Copying 0 resource
2022-12-15 14:12:20,698 [Worker-9: Building] INFO  o.a.m.s.f.DefaultMavenResourcesFiltering - skip non existing resourceDirectory C:\Users\ACER\OneDrive\Desktop\Web-19-Github\Aman_fw19_0965\unit-7\sprint-4\optional\Thursday-spring-mock\CabBookingApplication\src\test\resources
2022-12-15 14:13:47,842 [Worker-9: Building] INFO  o.a.m.s.f.DefaultMavenResourcesFiltering - Copying 1 resource
2022-12-15 14:13:47,850 [Worker-9: Building] INFO  o.a.m.s.f.DefaultMavenResourcesFiltering - Copying 0 resource
2022-12-15 14:13:47,853 [Worker-9: Building] INFO  o.a.m.s.f.DefaultMavenResourcesFiltering - skip non existing resourceDirectory C:\Users\ACER\OneDrive\Desktop\Web-19-Github\Aman_fw19_0965\unit-7\sprint-4\optional\Thursday-spring-mock\CabBookingApplication\src\test\resources
2022-12-15 14:14:03,583 [Worker-16: Building] INFO  o.a.m.s.f.DefaultMavenResourcesFiltering - Copying 1 resource
2022-12-15 14:14:03,592 [Worker-16: Building] INFO  o.a.m.s.f.DefaultMavenResourcesFiltering - Copying 0 resource
2022-12-15 14:14:03,596 [Worker-16: Building] INFO  o.a.m.s.f.DefaultMavenResourcesFiltering - skip non existing resourceDirectory C:\Users\ACER\OneDrive\Desktop\Web-19-Github\Aman_fw19_0965\unit-7\sprint-4\optional\Thursday-spring-mock\CabBookingApplication\src\test\resources
2022-12-15 14:14:11,740 [Worker-15: Building] INFO  o.a.m.s.f.DefaultMavenResourcesFiltering - Copying 1 resource
2022-12-15 14:14:11,747 [Worker-15: Building] INFO  o.a.m.s.f.DefaultMavenResourcesFiltering - Copying 0 resource
2022-12-15 14:14:11,752 [Worker-15: Building] INFO  o.a.m.s.f.DefaultMavenResourcesFiltering - skip non existing resourceDirectory C:\Users\ACER\OneDrive\Desktop\Web-19-Github\Aman_fw19_0965\unit-7\sprint-4\optional\Thursday-spring-mock\CabBookingApplication\src\test\resources
2022-12-15 14:17:03,247 [Worker-14: Building] INFO  o.a.m.s.f.DefaultMavenResourcesFiltering - Copying 1 resource
2022-12-15 14:17:03,257 [Worker-14: Building] INFO  o.a.m.s.f.DefaultMavenResourcesFiltering - Copying 0 resource
2022-12-15 14:17:03,260 [Worker-14: Building] INFO  o.a.m.s.f.DefaultMavenResourcesFiltering - skip non existing resourceDirectory C:\Users\ACER\OneDrive\Desktop\Web-19-Github\Aman_fw19_0965\unit-7\sprint-4\optional\Thursday-spring-mock\CabBookingApplication\src\test\resources
2022-12-15 14:21:05,466 [Worker-18: Building] INFO  o.a.m.s.f.DefaultMavenResourcesFiltering - Copying 1 resource
2022-12-15 14:21:05,517 [Worker-18: Building] INFO  o.a.m.s.f.DefaultMavenResourcesFiltering - Copying 0 resource
2022-12-15 14:21:05,519 [Worker-18: Building] INFO  o.a.m.s.f.DefaultMavenResourcesFiltering - skip non existing resourceDirectory C:\Users\ACER\OneDrive\Desktop\Web-19-Github\Aman_fw19_0965\unit-7\sprint-4\optional\Thursday-spring-mock\CabBookingApplication\src\test\resources
2022-12-15 14:22:47,880 [Worker-16: Building] INFO  o.a.m.s.f.DefaultMavenResourcesFiltering - Copying 1 resource
2022-12-15 14:22:47,892 [Worker-16: Building] INFO  o.a.m.s.f.DefaultMavenResourcesFiltering - Copying 0 resource
2022-12-15 14:22:47,894 [Worker-16: Building] INFO  o.a.m.s.f.DefaultMavenResourcesFiltering - skip non existing resourceDirectory C:\Users\ACER\OneDrive\Desktop\Web-19-Github\Aman_fw19_0965\unit-7\sprint-4\optional\Thursday-spring-mock\CabBookingApplication\src\test\resources
2022-12-15 14:24:37,836 [Worker-20: Building] INFO  o.a.m.s.f.DefaultMavenResourcesFiltering - Copying 1 resource
2022-12-15 14:24:37,842 [Worker-20: Building] INFO  o.a.m.s.f.DefaultMavenResourcesFiltering - Copying 0 resource
2022-12-15 14:24:37,858 [Worker-20: Building] INFO  o.a.m.s.f.DefaultMavenResourcesFiltering - skip non existing resourceDirectory C:\Users\ACER\OneDrive\Desktop\Web-19-Github\Aman_fw19_0965\unit-7\sprint-4\optional\Thursday-spring-mock\CabBookingApplication\src\test\resources
2022-12-15 14:24:52,868 [Worker-18: Building] INFO  o.a.m.s.f.DefaultMavenResourcesFiltering - Copying 1 resource
2022-12-15 14:24:52,880 [Worker-18: Building] INFO  o.a.m.s.f.DefaultMavenResourcesFiltering - Copying 0 resource
2022-12-15 14:24:52,882 [Worker-18: Building] INFO  o.a.m.s.f.DefaultMavenResourcesFiltering - skip non existing resourceDirectory C:\Users\ACER\OneDrive\Desktop\Web-19-Github\Aman_fw19_0965\unit-7\sprint-4\optional\Thursday-spring-mock\CabBookingApplication\src\test\resources
2022-12-15 14:25:46,813 [Worker-20: Building] INFO  o.a.m.s.f.DefaultMavenResourcesFiltering - Copying 1 resource
2022-12-15 14:25:46,827 [Worker-20: Building] INFO  o.a.m.s.f.DefaultMavenResourcesFiltering - Copying 0 resource
2022-12-15 14:25:46,830 [Worker-20: Building] INFO  o.a.m.s.f.DefaultMavenResourcesFiltering - skip non existing resourceDirectory C:\Users\ACER\OneDrive\Desktop\Web-19-Github\Aman_fw19_0965\unit-7\sprint-4\optional\Thursday-spring-mock\CabBookingApplication\src\test\resources
2022-12-15 14:25:54,375 [Worker-19: Building] INFO  o.a.m.s.f.DefaultMavenResourcesFiltering - Copying 1 resource
2022-12-15 14:25:54,383 [Worker-19: Building] INFO  o.a.m.s.f.DefaultMavenResourcesFiltering - Copying 0 resource
2022-12-15 14:25:54,387 [Worker-19: Building] INFO  o.a.m.s.f.DefaultMavenResourcesFiltering - skip non existing resourceDirectory C:\Users\ACER\OneDrive\Desktop\Web-19-Github\Aman_fw19_0965\unit-7\sprint-4\optional\Thursday-spring-mock\CabBookingApplication\src\test\resources
2022-12-15 14:26:03,227 [Worker-18: Building] INFO  o.a.m.s.f.DefaultMavenResourcesFiltering - Copying 1 resource
2022-12-15 14:26:03,232 [Worker-18: Building] INFO  o.a.m.s.f.DefaultMavenResourcesFiltering - Copying 0 resource
2022-12-15 14:26:03,234 [Worker-18: Building] INFO  o.a.m.s.f.DefaultMavenResourcesFiltering - skip non existing resourceDirectory C:\Users\ACER\OneDrive\Desktop\Web-19-Github\Aman_fw19_0965\unit-7\sprint-4\optional\Thursday-spring-mock\CabBookingApplication\src\test\resources
2022-12-15 14:26:40,800 [Worker-21: Building] INFO  o.a.m.s.f.DefaultMavenResourcesFiltering - Copying 1 resource
2022-12-15 14:26:40,806 [Worker-21: Building] INFO  o.a.m.s.f.DefaultMavenResourcesFiltering - Copying 0 resource
2022-12-15 14:26:40,810 [Worker-21: Building] INFO  o.a.m.s.f.DefaultMavenResourcesFiltering - skip non existing resourceDirectory C:\Users\ACER\OneDrive\Desktop\Web-19-Github\Aman_fw19_0965\unit-7\sprint-4\optional\Thursday-spring-mock\CabBookingApplication\src\test\resources
2022-12-15 14:26:45,791 [Worker-14: Building] INFO  o.a.m.s.f.DefaultMavenResourcesFiltering - Copying 1 resource
2022-12-15 14:26:45,796 [Worker-14: Building] INFO  o.a.m.s.f.DefaultMavenResourcesFiltering - Copying 0 resource
2022-12-15 14:26:45,798 [Worker-14: Building] INFO  o.a.m.s.f.DefaultMavenResourcesFiltering - skip non existing resourceDirectory C:\Users\ACER\OneDrive\Desktop\Web-19-Github\Aman_fw19_0965\unit-7\sprint-4\optional\Thursday-spring-mock\CabBookingApplication\src\test\resources
2022-12-15 14:27:30,689 [Worker-21: Building] INFO  o.a.m.s.f.DefaultMavenResourcesFiltering - Copying 1 resource
2022-12-15 14:27:30,695 [Worker-21: Building] INFO  o.a.m.s.f.DefaultMavenResourcesFiltering - Copying 0 resource
2022-12-15 14:27:30,697 [Worker-21: Building] INFO  o.a.m.s.f.DefaultMavenResourcesFiltering - skip non existing resourceDirectory C:\Users\ACER\OneDrive\Desktop\Web-19-Github\Aman_fw19_0965\unit-7\sprint-4\optional\Thursday-spring-mock\CabBookingApplication\src\test\resources
2022-12-15 14:28:15,482 [Worker-16: Building] INFO  o.a.m.s.f.DefaultMavenResourcesFiltering - Copying 1 resource
2022-12-15 14:28:15,489 [Worker-16: Building] INFO  o.a.m.s.f.DefaultMavenResourcesFiltering - Copying 0 resource
2022-12-15 14:28:15,492 [Worker-16: Building] INFO  o.a.m.s.f.DefaultMavenResourcesFiltering - skip non existing resourceDirectory C:\Users\ACER\OneDrive\Desktop\Web-19-Github\Aman_fw19_0965\unit-7\sprint-4\optional\Thursday-spring-mock\CabBookingApplication\src\test\resources
2022-12-15 14:28:23,947 [Worker-16: Building] INFO  o.a.m.s.f.DefaultMavenResourcesFiltering - Copying 1 resource
2022-12-15 14:28:23,953 [Worker-16: Building] INFO  o.a.m.s.f.DefaultMavenResourcesFiltering - Copying 0 resource
2022-12-15 14:28:23,956 [Worker-16: Building] INFO  o.a.m.s.f.DefaultMavenResourcesFiltering - skip non existing resourceDirectory C:\Users\ACER\OneDrive\Desktop\Web-19-Github\Aman_fw19_0965\unit-7\sprint-4\optional\Thursday-spring-mock\CabBookingApplication\src\test\resources
2022-12-15 14:28:38,420 [Worker-19: Building] INFO  o.a.m.s.f.DefaultMavenResourcesFiltering - Copying 1 resource
2022-12-15 14:28:38,428 [Worker-19: Building] INFO  o.a.m.s.f.DefaultMavenResourcesFiltering - Copying 0 resource
2022-12-15 14:28:38,431 [Worker-19: Building] INFO  o.a.m.s.f.DefaultMavenResourcesFiltering - skip non existing resourceDirectory C:\Users\ACER\OneDrive\Desktop\Web-19-Github\Aman_fw19_0965\unit-7\sprint-4\optional\Thursday-spring-mock\CabBookingApplication\src\test\resources
2022-12-15 14:28:42,423 [Worker-19: Building] INFO  o.a.m.s.f.DefaultMavenResourcesFiltering - Copying 1 resource
2022-12-15 14:28:42,429 [Worker-19: Building] INFO  o.a.m.s.f.DefaultMavenResourcesFiltering - Copying 0 resource
2022-12-15 14:28:42,431 [Worker-19: Building] INFO  o.a.m.s.f.DefaultMavenResourcesFiltering - skip non existing resourceDirectory C:\Users\ACER\OneDrive\Desktop\Web-19-Github\Aman_fw19_0965\unit-7\sprint-4\optional\Thursday-spring-mock\CabBookingApplication\src\test\resources
2022-12-15 14:29:19,150 [Worker-18: Building] INFO  o.a.m.s.f.DefaultMavenResourcesFiltering - Copying 1 resource
2022-12-15 14:29:19,155 [Worker-18: Building] INFO  o.a.m.s.f.DefaultMavenResourcesFiltering - Copying 0 resource
2022-12-15 14:29:19,157 [Worker-18: Building] INFO  o.a.m.s.f.DefaultMavenResourcesFiltering - skip non existing resourceDirectory C:\Users\ACER\OneDrive\Desktop\Web-19-Github\Aman_fw19_0965\unit-7\sprint-4\optional\Thursday-spring-mock\CabBookingApplication\src\test\resources
2022-12-15 14:29:47,871 [Worker-14: Building] INFO  o.a.m.s.f.DefaultMavenResourcesFiltering - Copying 1 resource
2022-12-15 14:29:47,877 [Worker-14: Building] INFO  o.a.m.s.f.DefaultMavenResourcesFiltering - Copying 0 resource
2022-12-15 14:29:47,881 [Worker-14: Building] INFO  o.a.m.s.f.DefaultMavenResourcesFiltering - skip non existing resourceDirectory C:\Users\ACER\OneDrive\Desktop\Web-19-Github\Aman_fw19_0965\unit-7\sprint-4\optional\Thursday-spring-mock\CabBookingApplication\src\test\resources
2022-12-15 14:30:03,574 [Worker-19: Building] INFO  o.a.m.s.f.DefaultMavenResourcesFiltering - Copying 1 resource
2022-12-15 14:30:03,579 [Worker-19: Building] INFO  o.a.m.s.f.DefaultMavenResourcesFiltering - Copying 0 resource
2022-12-15 14:30:03,581 [Worker-19: Building] INFO  o.a.m.s.f.DefaultMavenResourcesFiltering - skip non existing resourceDirectory C:\Users\ACER\OneDrive\Desktop\Web-19-Github\Aman_fw19_0965\unit-7\sprint-4\optional\Thursday-spring-mock\CabBookingApplication\src\test\resources
2022-12-15 14:30:39,699 [Worker-19: Building] INFO  o.a.m.s.f.DefaultMavenResourcesFiltering - Copying 1 resource
2022-12-15 14:30:39,706 [Worker-19: Building] INFO  o.a.m.s.f.DefaultMavenResourcesFiltering - Copying 0 resource
2022-12-15 14:30:39,709 [Worker-19: Building] INFO  o.a.m.s.f.DefaultMavenResourcesFiltering - skip non existing resourceDirectory C:\Users\ACER\OneDrive\Desktop\Web-19-Github\Aman_fw19_0965\unit-7\sprint-4\optional\Thursday-spring-mock\CabBookingApplication\src\test\resources
2022-12-15 14:30:51,718 [Worker-19: Building] INFO  o.a.m.s.f.DefaultMavenResourcesFiltering - Copying 1 resource
2022-12-15 14:30:51,724 [Worker-19: Building] INFO  o.a.m.s.f.DefaultMavenResourcesFiltering - Copying 0 resource
2022-12-15 14:30:51,726 [Worker-19: Building] INFO  o.a.m.s.f.DefaultMavenResourcesFiltering - skip non existing resourceDirectory C:\Users\ACER\OneDrive\Desktop\Web-19-Github\Aman_fw19_0965\unit-7\sprint-4\optional\Thursday-spring-mock\CabBookingApplication\src\test\resources
2022-12-15 14:33:30,183 [Worker-21: Building] INFO  o.a.m.s.f.DefaultMavenResourcesFiltering - Copying 1 resource
2022-12-15 14:33:30,189 [Worker-21: Building] INFO  o.a.m.s.f.DefaultMavenResourcesFiltering - Copying 0 resource
2022-12-15 14:33:30,191 [Worker-21: Building] INFO  o.a.m.s.f.DefaultMavenResourcesFiltering - skip non existing resourceDirectory C:\Users\ACER\OneDrive\Desktop\Web-19-Github\Aman_fw19_0965\unit-7\sprint-4\optional\Thursday-spring-mock\CabBookingApplication\src\test\resources
2022-12-15 14:37:17,970 [Worker-14: Building] INFO  o.a.m.s.f.DefaultMavenResourcesFiltering - Copying 1 resource
2022-12-15 14:37:17,976 [Worker-14: Building] INFO  o.a.m.s.f.DefaultMavenResourcesFiltering - Copying 0 resource
2022-12-15 14:37:17,981 [Worker-14: Building] INFO  o.a.m.s.f.DefaultMavenResourcesFiltering - skip non existing resourceDirectory C:\Users\ACER\OneDrive\Desktop\Web-19-Github\Aman_fw19_0965\unit-7\sprint-4\optional\Thursday-spring-mock\CabBookingApplication\src\test\resources
2022-12-15 14:37:39,340 [Worker-18: Building] INFO  o.a.m.s.f.DefaultMavenResourcesFiltering - Copying 1 resource
2022-12-15 14:37:39,346 [Worker-18: Building] INFO  o.a.m.s.f.DefaultMavenResourcesFiltering - Copying 0 resource
2022-12-15 14:37:39,348 [Worker-18: Building] INFO  o.a.m.s.f.DefaultMavenResourcesFiltering - skip non existing resourceDirectory C:\Users\ACER\OneDrive\Desktop\Web-19-Github\Aman_fw19_0965\unit-7\sprint-4\optional\Thursday-spring-mock\CabBookingApplication\src\test\resources
2022-12-15 14:42:00,005 [Worker-18: Building] INFO  o.a.m.s.f.DefaultMavenResourcesFiltering - Copying 1 resource
2022-12-15 14:42:00,005 [Worker-18: Building] INFO  o.a.m.s.f.DefaultMavenResourcesFiltering - Copying 0 resource
2022-12-15 14:42:00,005 [Worker-18: Building] INFO  o.a.m.s.f.DefaultMavenResourcesFiltering - skip non existing resourceDirectory C:\Users\ACER\OneDrive\Desktop\Web-19-Github\Aman_fw19_0965\unit-7\sprint-4\optional\Thursday-spring-mock\CabBookingApplication\src\test\resources
2022-12-15 14:42:15,323 [Worker-28: Building] INFO  o.a.m.s.f.DefaultMavenResourcesFiltering - Copying 1 resource
2022-12-15 14:42:15,329 [Worker-28: Building] INFO  o.a.m.s.f.DefaultMavenResourcesFiltering - Copying 0 resource
2022-12-15 14:42:15,332 [Worker-28: Building] INFO  o.a.m.s.f.DefaultMavenResourcesFiltering - skip non existing resourceDirectory C:\Users\ACER\OneDrive\Desktop\Web-19-Github\Aman_fw19_0965\unit-7\sprint-4\optional\Thursday-spring-mock\CabBookingApplication\src\test\resources
2022-12-15 14:44:07,449 [Worker-26: Building] INFO  o.a.m.s.f.DefaultMavenResourcesFiltering - Copying 1 resource
2022-12-15 14:44:07,467 [Worker-26: Building] INFO  o.a.m.s.f.DefaultMavenResourcesFiltering - Copying 0 resource
2022-12-15 14:44:07,469 [Worker-26: Building] INFO  o.a.m.s.f.DefaultMavenResourcesFiltering - skip non existing resourceDirectory C:\Users\ACER\OneDrive\Desktop\Web-19-Github\Aman_fw19_0965\unit-7\sprint-4\optional\Thursday-spring-mock\CabBookingApplication\src\test\resources
2022-12-15 14:44:28,122 [Worker-25: Building] INFO  o.a.m.s.f.DefaultMavenResourcesFiltering - Copying 1 resource
2022-12-15 14:44:28,128 [Worker-25: Building] INFO  o.a.m.s.f.DefaultMavenResourcesFiltering - Copying 0 resource
2022-12-15 14:44:28,130 [Worker-25: Building] INFO  o.a.m.s.f.DefaultMavenResourcesFiltering - skip non existing resourceDirectory C:\Users\ACER\OneDrive\Desktop\Web-19-Github\Aman_fw19_0965\unit-7\sprint-4\optional\Thursday-spring-mock\CabBookingApplication\src\test\resources
2022-12-15 14:44:46,359 [Worker-23: Building] INFO  o.a.m.s.f.DefaultMavenResourcesFiltering - Copying 1 resource
2022-12-15 14:44:46,375 [Worker-23: Building] INFO  o.a.m.s.f.DefaultMavenResourcesFiltering - Copying 0 resource
2022-12-15 14:44:46,378 [Worker-23: Building] INFO  o.a.m.s.f.DefaultMavenResourcesFiltering - skip non existing resourceDirectory C:\Users\ACER\OneDrive\Desktop\Web-19-Github\Aman_fw19_0965\unit-7\sprint-4\optional\Thursday-spring-mock\CabBookingApplication\src\test\resources
2022-12-15 14:45:09,216 [Worker-27: Building] INFO  o.a.m.s.f.DefaultMavenResourcesFiltering - Copying 1 resource
2022-12-15 14:45:09,222 [Worker-27: Building] INFO  o.a.m.s.f.DefaultMavenResourcesFiltering - Copying 0 resource
2022-12-15 14:45:09,224 [Worker-27: Building] INFO  o.a.m.s.f.DefaultMavenResourcesFiltering - skip non existing resourceDirectory C:\Users\ACER\OneDrive\Desktop\Web-19-Github\Aman_fw19_0965\unit-7\sprint-4\optional\Thursday-spring-mock\CabBookingApplication\src\test\resources
2022-12-15 14:45:34,520 [Worker-23: Building] INFO  o.a.m.s.f.DefaultMavenResourcesFiltering - Copying 1 resource
2022-12-15 14:45:34,525 [Worker-23: Building] INFO  o.a.m.s.f.DefaultMavenResourcesFiltering - Copying 0 resource
2022-12-15 14:45:34,527 [Worker-23: Building] INFO  o.a.m.s.f.DefaultMavenResourcesFiltering - skip non existing resourceDirectory C:\Users\ACER\OneDrive\Desktop\Web-19-Github\Aman_fw19_0965\unit-7\sprint-4\optional\Thursday-spring-mock\CabBookingApplication\src\test\resources
2022-12-15 14:46:04,283 [Worker-18: Building] INFO  o.a.m.s.f.DefaultMavenResourcesFiltering - Copying 1 resource
2022-12-15 14:46:04,288 [Worker-18: Building] INFO  o.a.m.s.f.DefaultMavenResourcesFiltering - Copying 0 resource
2022-12-15 14:46:04,290 [Worker-18: Building] INFO  o.a.m.s.f.DefaultMavenResourcesFiltering - skip non existing resourceDirectory C:\Users\ACER\OneDrive\Desktop\Web-19-Github\Aman_fw19_0965\unit-7\sprint-4\optional\Thursday-spring-mock\CabBookingApplication\src\test\resources
2022-12-15 14:49:25,209 [Worker-30: Building] INFO  o.a.m.s.f.DefaultMavenResourcesFiltering - Copying 1 resource
2022-12-15 14:49:25,215 [Worker-30: Building] INFO  o.a.m.s.f.DefaultMavenResourcesFiltering - Copying 0 resource
2022-12-15 14:49:25,217 [Worker-30: Building] INFO  o.a.m.s.f.DefaultMavenResourcesFiltering - skip non existing resourceDirectory C:\Users\ACER\OneDrive\Desktop\Web-19-Github\Aman_fw19_0965\unit-7\sprint-4\optional\Thursday-spring-mock\CabBookingApplication\src\test\resources
2022-12-15 14:50:50,790 [Worker-30: Building] INFO  o.a.m.s.f.DefaultMavenResourcesFiltering - Copying 1 resource
2022-12-15 14:50:50,795 [Worker-30: Building] INFO  o.a.m.s.f.DefaultMavenResourcesFiltering - Copying 0 resource
2022-12-15 14:50:50,797 [Worker-30: Building] INFO  o.a.m.s.f.DefaultMavenResourcesFiltering - skip non existing resourceDirectory C:\Users\ACER\OneDrive\Desktop\Web-19-Github\Aman_fw19_0965\unit-7\sprint-4\optional\Thursday-spring-mock\CabBookingApplication\src\test\resources
2022-12-15 14:51:03,711 [Worker-28: Building] INFO  o.a.m.s.f.DefaultMavenResourcesFiltering - Copying 1 resource
2022-12-15 14:51:03,719 [Worker-28: Building] INFO  o.a.m.s.f.DefaultMavenResourcesFiltering - Copying 0 resource
2022-12-15 14:51:03,721 [Worker-28: Building] INFO  o.a.m.s.f.DefaultMavenResourcesFiltering - skip non existing resourceDirectory C:\Users\ACER\OneDrive\Desktop\Web-19-Github\Aman_fw19_0965\unit-7\sprint-4\optional\Thursday-spring-mock\CabBookingApplication\src\test\resources
2022-12-15 14:52:26,136 [Worker-31: Building] INFO  o.a.m.s.f.DefaultMavenResourcesFiltering - Copying 1 resource
2022-12-15 14:52:26,141 [Worker-31: Building] INFO  o.a.m.s.f.DefaultMavenResourcesFiltering - Copying 0 resource
2022-12-15 14:52:26,145 [Worker-31: Building] INFO  o.a.m.s.f.DefaultMavenResourcesFiltering - skip non existing resourceDirectory C:\Users\ACER\OneDrive\Desktop\Web-19-Github\Aman_fw19_0965\unit-7\sprint-4\optional\Thursday-spring-mock\CabBookingApplication\src\test\resources
2022-12-15 15:06:19,788 [Worker-33: Building] INFO  o.a.m.s.f.DefaultMavenResourcesFiltering - Copying 1 resource
2022-12-15 15:06:19,797 [Worker-33: Building] INFO  o.a.m.s.f.DefaultMavenResourcesFiltering - Copying 0 resource
2022-12-15 15:06:19,799 [Worker-33: Building] INFO  o.a.m.s.f.DefaultMavenResourcesFiltering - skip non existing resourceDirectory C:\Users\ACER\OneDrive\Desktop\Web-19-Github\Aman_fw19_0965\unit-7\sprint-4\optional\Thursday-spring-mock\CabBookingApplication\src\test\resources
2022-12-15 15:14:47,467 [Worker-37: Building] INFO  o.a.m.s.f.DefaultMavenResourcesFiltering - Copying 1 resource
2022-12-15 15:14:47,474 [Worker-37: Building] INFO  o.a.m.s.f.DefaultMavenResourcesFiltering - Copying 0 resource
2022-12-15 15:14:47,476 [Worker-37: Building] INFO  o.a.m.s.f.DefaultMavenResourcesFiltering - skip non existing resourceDirectory C:\Users\ACER\OneDrive\Desktop\Web-19-Github\Aman_fw19_0965\unit-7\sprint-4\optional\Thursday-spring-mock\CabBookingApplication\src\test\resources
2022-12-15 15:15:35,843 [Worker-36: Building] INFO  o.e.m.c.i.l.LifecycleMappingFactory - Using org.eclipse.m2e.jdt.JarLifecycleMapping lifecycle mapping for MavenProject: com.cab:CabBookingApplication:0.0.1-SNAPSHOT @ C:\Users\ACER\OneDrive\Desktop\Web-19-Github\Aman_fw19_0965\unit-7\sprint-4\optional\Thursday-spring-mock\CabBookingApplication\pom.xml.
2022-12-15 15:15:36,632 [Worker-36: Building] INFO  o.a.m.s.f.DefaultMavenResourcesFiltering - Copying 0 resource
2022-12-15 15:15:36,632 [Worker-36: Building] INFO  o.a.m.s.f.DefaultMavenResourcesFiltering - Copying 0 resource
2022-12-15 15:15:36,636 [Worker-36: Building] INFO  o.a.m.s.f.DefaultMavenResourcesFiltering - skip non existing resourceDirectory C:\Users\ACER\OneDrive\Desktop\Web-19-Github\Aman_fw19_0965\unit-7\sprint-4\optional\Thursday-spring-mock\CabBookingApplication\src\test\resources
2022-12-15 15:15:38,802 [Worker-38: Building] INFO  o.a.m.s.f.DefaultMavenResourcesFiltering - Copying 1 resource
2022-12-15 15:15:38,823 [Worker-38: Building] INFO  o.a.m.s.f.DefaultMavenResourcesFiltering - Copying 0 resource
2022-12-15 15:15:38,831 [Worker-38: Building] INFO  o.a.m.s.f.DefaultMavenResourcesFiltering - skip non existing resourceDirectory C:\Users\ACER\OneDrive\Desktop\Web-19-Github\Aman_fw19_0965\unit-7\sprint-4\optional\Thursday-spring-mock\CabBookingApplication\src\test\resources
2022-12-15 15:16:03,504 [Worker-29: Building] INFO  o.e.m.c.i.l.LifecycleMappingFactory - Using org.eclipse.m2e.jdt.JarLifecycleMapping lifecycle mapping for MavenProject: com.cab:CabBookingApplication:0.0.1-SNAPSHOT @ C:\Users\ACER\OneDrive\Desktop\Web-19-Github\Aman_fw19_0965\unit-7\sprint-4\optional\Thursday-spring-mock\CabBookingApplication\pom.xml.
2022-12-15 15:16:04,607 [Worker-29: Building] INFO  o.a.m.s.f.DefaultMavenResourcesFiltering - Copying 0 resource
2022-12-15 15:16:04,608 [Worker-29: Building] INFO  o.a.m.s.f.DefaultMavenResourcesFiltering - Copying 0 resource
2022-12-15 15:16:04,612 [Worker-29: Building] INFO  o.a.m.s.f.DefaultMavenResourcesFiltering - skip non existing resourceDirectory C:\Users\ACER\OneDrive\Desktop\Web-19-Github\Aman_fw19_0965\unit-7\sprint-4\optional\Thursday-spring-mock\CabBookingApplication\src\test\resources
2022-12-15 15:16:29,897 [Worker-37: Building] INFO  o.a.m.s.f.DefaultMavenResourcesFiltering - Copying 1 resource
2022-12-15 15:16:29,912 [Worker-37: Building] INFO  o.a.m.s.f.DefaultMavenResourcesFiltering - Copying 0 resource
2022-12-15 15:16:29,914 [Worker-37: Building] INFO  o.a.m.s.f.DefaultMavenResourcesFiltering - skip non existing resourceDirectory C:\Users\ACER\OneDrive\Desktop\Web-19-Github\Aman_fw19_0965\unit-7\sprint-4\optional\Thursday-spring-mock\CabBookingApplication\src\test\resources
2022-12-15 15:18:10,868 [Worker-29: Building] INFO  o.a.m.s.f.DefaultMavenResourcesFiltering - Copying 1 resource
2022-12-15 15:18:10,944 [Worker-29: Building] INFO  o.a.m.s.f.DefaultMavenResourcesFiltering - Copying 0 resource
2022-12-15 15:18:10,946 [Worker-29: Building] INFO  o.a.m.s.f.DefaultMavenResourcesFiltering - skip non existing resourceDirectory C:\Users\ACER\OneDrive\Desktop\Web-19-Github\Aman_fw19_0965\unit-7\sprint-4\optional\Thursday-spring-mock\CabBookingApplication\src\test\resources
2022-12-15 15:19:00,408 [Worker-37: Building] INFO  o.a.m.s.f.DefaultMavenResourcesFiltering - Copying 1 resource
2022-12-15 15:19:00,455 [Worker-37: Building] INFO  o.a.m.s.f.DefaultMavenResourcesFiltering - Copying 0 resource
2022-12-15 15:19:00,455 [Worker-37: Building] INFO  o.a.m.s.f.DefaultMavenResourcesFiltering - skip non existing resourceDirectory C:\Users\ACER\OneDrive\Desktop\Web-19-Github\Aman_fw19_0965\unit-7\sprint-4\optional\Thursday-spring-mock\CabBookingApplication\src\test\resources
2022-12-15 15:19:13,322 [Worker-38: Building] INFO  o.a.m.s.f.DefaultMavenResourcesFiltering - Copying 1 resource
2022-12-15 15:19:13,328 [Worker-38: Building] INFO  o.a.m.s.f.DefaultMavenResourcesFiltering - Copying 0 resource
2022-12-15 15:19:13,331 [Worker-38: Building] INFO  o.a.m.s.f.DefaultMavenResourcesFiltering - skip non existing resourceDirectory C:\Users\ACER\OneDrive\Desktop\Web-19-Github\Aman_fw19_0965\unit-7\sprint-4\optional\Thursday-spring-mock\CabBookingApplication\src\test\resources
2022-12-15 15:20:30,655 [Worker-36: Building] INFO  o.a.m.s.f.DefaultMavenResourcesFiltering - Copying 1 resource
2022-12-15 15:20:30,661 [Worker-36: Building] INFO  o.a.m.s.f.DefaultMavenResourcesFiltering - Copying 0 resource
2022-12-15 15:20:30,663 [Worker-36: Building] INFO  o.a.m.s.f.DefaultMavenResourcesFiltering - skip non existing resourceDirectory C:\Users\ACER\OneDrive\Desktop\Web-19-Github\Aman_fw19_0965\unit-7\sprint-4\optional\Thursday-spring-mock\CabBookingApplication\src\test\resources
2022-12-15 15:22:50,370 [Worker-34: Building] INFO  o.a.m.s.f.DefaultMavenResourcesFiltering - Copying 1 resource
2022-12-15 15:22:50,375 [Worker-34: Building] INFO  o.a.m.s.f.DefaultMavenResourcesFiltering - Copying 0 resource
2022-12-15 15:22:50,376 [Worker-34: Building] INFO  o.a.m.s.f.DefaultMavenResourcesFiltering - skip non existing resourceDirectory C:\Users\ACER\OneDrive\Desktop\Web-19-Github\Aman_fw19_0965\unit-7\sprint-4\optional\Thursday-spring-mock\CabBookingApplication\src\test\resources
2022-12-15 15:24:15,095 [Worker-29: Building] INFO  o.a.m.s.f.DefaultMavenResourcesFiltering - Copying 1 resource
2022-12-15 15:24:15,101 [Worker-29: Building] INFO  o.a.m.s.f.DefaultMavenResourcesFiltering - Copying 0 resource
2022-12-15 15:24:15,104 [Worker-29: Building] INFO  o.a.m.s.f.DefaultMavenResourcesFiltering - skip non existing resourceDirectory C:\Users\ACER\OneDrive\Desktop\Web-19-Github\Aman_fw19_0965\unit-7\sprint-4\optional\Thursday-spring-mock\CabBookingApplication\src\test\resources
2022-12-15 15:26:55,797 [Worker-37: Building] INFO  o.a.m.s.f.DefaultMavenResourcesFiltering - Copying 1 resource
2022-12-15 15:26:55,803 [Worker-37: Building] INFO  o.a.m.s.f.DefaultMavenResourcesFiltering - Copying 0 resource
2022-12-15 15:26:55,805 [Worker-37: Building] INFO  o.a.m.s.f.DefaultMavenResourcesFiltering - skip non existing resourceDirectory C:\Users\ACER\OneDrive\Desktop\Web-19-Github\Aman_fw19_0965\unit-7\sprint-4\optional\Thursday-spring-mock\CabBookingApplication\src\test\resources
2022-12-15 15:27:06,845 [Worker-38: Building] INFO  o.a.m.s.f.DefaultMavenResourcesFiltering - Copying 1 resource
2022-12-15 15:27:06,851 [Worker-38: Building] INFO  o.a.m.s.f.DefaultMavenResourcesFiltering - Copying 0 resource
2022-12-15 15:27:06,853 [Worker-38: Building] INFO  o.a.m.s.f.DefaultMavenResourcesFiltering - skip non existing resourceDirectory C:\Users\ACER\OneDrive\Desktop\Web-19-Github\Aman_fw19_0965\unit-7\sprint-4\optional\Thursday-spring-mock\CabBookingApplication\src\test\resources
2022-12-15 15:29:55,482 [Worker-39: Building] INFO  o.a.m.s.f.DefaultMavenResourcesFiltering - Copying 1 resource
2022-12-15 15:29:55,487 [Worker-39: Building] INFO  o.a.m.s.f.DefaultMavenResourcesFiltering - Copying 0 resource
2022-12-15 15:29:55,489 [Worker-39: Building] INFO  o.a.m.s.f.DefaultMavenResourcesFiltering - skip non existing resourceDirectory C:\Users\ACER\OneDrive\Desktop\Web-19-Github\Aman_fw19_0965\unit-7\sprint-4\optional\Thursday-spring-mock\CabBookingApplication\src\test\resources
2022-12-15 15:32:41,883 [Worker-38: Building] INFO  o.a.m.s.f.DefaultMavenResourcesFiltering - Copying 1 resource
2022-12-15 15:32:41,888 [Worker-38: Building] INFO  o.a.m.s.f.DefaultMavenResourcesFiltering - Copying 0 resource
2022-12-15 15:32:41,890 [Worker-38: Building] INFO  o.a.m.s.f.DefaultMavenResourcesFiltering - skip non existing resourceDirectory C:\Users\ACER\OneDrive\Desktop\Web-19-Github\Aman_fw19_0965\unit-7\sprint-4\optional\Thursday-spring-mock\CabBookingApplication\src\test\resources
2022-12-15 15:33:23,685 [Worker-41: Building] INFO  o.a.m.s.f.DefaultMavenResourcesFiltering - Copying 1 resource
2022-12-15 15:33:23,691 [Worker-41: Building] INFO  o.a.m.s.f.DefaultMavenResourcesFiltering - Copying 0 resource
2022-12-15 15:33:23,692 [Worker-41: Building] INFO  o.a.m.s.f.DefaultMavenResourcesFiltering - skip non existing resourceDirectory C:\Users\ACER\OneDrive\Desktop\Web-19-Github\Aman_fw19_0965\unit-7\sprint-4\optional\Thursday-spring-mock\CabBookingApplication\src\test\resources
2022-12-15 15:33:28,322 [Worker-38: Building] INFO  o.a.m.s.f.DefaultMavenResourcesFiltering - Copying 1 resource
2022-12-15 15:33:28,327 [Worker-38: Building] INFO  o.a.m.s.f.DefaultMavenResourcesFiltering - Copying 0 resource
2022-12-15 15:33:28,329 [Worker-38: Building] INFO  o.a.m.s.f.DefaultMavenResourcesFiltering - skip non existing resourceDirectory C:\Users\ACER\OneDrive\Desktop\Web-19-Github\Aman_fw19_0965\unit-7\sprint-4\optional\Thursday-spring-mock\CabBookingApplication\src\test\resources
2022-12-15 15:33:49,572 [Worker-38: Building] INFO  o.a.m.s.f.DefaultMavenResourcesFiltering - Copying 1 resource
2022-12-15 15:33:49,577 [Worker-38: Building] INFO  o.a.m.s.f.DefaultMavenResourcesFiltering - Copying 0 resource
2022-12-15 15:33:49,579 [Worker-38: Building] INFO  o.a.m.s.f.DefaultMavenResourcesFiltering - skip non existing resourceDirectory C:\Users\ACER\OneDrive\Desktop\Web-19-Github\Aman_fw19_0965\unit-7\sprint-4\optional\Thursday-spring-mock\CabBookingApplication\src\test\resources
2022-12-15 15:34:06,178 [Worker-38: Building] INFO  o.a.m.s.f.DefaultMavenResourcesFiltering - Copying 1 resource
2022-12-15 15:34:06,184 [Worker-38: Building] INFO  o.a.m.s.f.DefaultMavenResourcesFiltering - Copying 0 resource
2022-12-15 15:34:06,187 [Worker-38: Building] INFO  o.a.m.s.f.DefaultMavenResourcesFiltering - skip non existing resourceDirectory C:\Users\ACER\OneDrive\Desktop\Web-19-Github\Aman_fw19_0965\unit-7\sprint-4\optional\Thursday-spring-mock\CabBookingApplication\src\test\resources
2022-12-15 15:35:25,119 [Worker-38: Building] INFO  o.a.m.s.f.DefaultMavenResourcesFiltering - Copying 1 resource
2022-12-15 15:35:25,125 [Worker-38: Building] INFO  o.a.m.s.f.DefaultMavenResourcesFiltering - Copying 0 resource
2022-12-15 15:35:25,126 [Worker-38: Building] INFO  o.a.m.s.f.DefaultMavenResourcesFiltering - skip non existing resourceDirectory C:\Users\ACER\OneDrive\Desktop\Web-19-Github\Aman_fw19_0965\unit-7\sprint-4\optional\Thursday-spring-mock\CabBookingApplication\src\test\resources
2022-12-15 15:35:47,993 [Worker-39: Building] INFO  o.a.m.s.f.DefaultMavenResourcesFiltering - Copying 1 resource
2022-12-15 15:35:48,000 [Worker-39: Building] INFO  o.a.m.s.f.DefaultMavenResourcesFiltering - Copying 0 resource
2022-12-15 15:35:48,002 [Worker-39: Building] INFO  o.a.m.s.f.DefaultMavenResourcesFiltering - skip non existing resourceDirectory C:\Users\ACER\OneDrive\Desktop\Web-19-Github\Aman_fw19_0965\unit-7\sprint-4\optional\Thursday-spring-mock\CabBookingApplication\src\test\resources
2022-12-15 15:36:19,949 [Worker-40: Building] INFO  o.a.m.s.f.DefaultMavenResourcesFiltering - Copying 1 resource
2022-12-15 15:36:19,955 [Worker-40: Building] INFO  o.a.m.s.f.DefaultMavenResourcesFiltering - Copying 0 resource
2022-12-15 15:36:19,957 [Worker-40: Building] INFO  o.a.m.s.f.DefaultMavenResourcesFiltering - skip non existing resourceDirectory C:\Users\ACER\OneDrive\Desktop\Web-19-Github\Aman_fw19_0965\unit-7\sprint-4\optional\Thursday-spring-mock\CabBookingApplication\src\test\resources
2022-12-15 15:36:25,993 [Worker-39: Building] INFO  o.a.m.s.f.DefaultMavenResourcesFiltering - Copying 1 resource
2022-12-15 15:36:25,999 [Worker-39: Building] INFO  o.a.m.s.f.DefaultMavenResourcesFiltering - Copying 0 resource
2022-12-15 15:36:26,001 [Worker-39: Building] INFO  o.a.m.s.f.DefaultMavenResourcesFiltering - skip non existing resourceDirectory C:\Users\ACER\OneDrive\Desktop\Web-19-Github\Aman_fw19_0965\unit-7\sprint-4\optional\Thursday-spring-mock\CabBookingApplication\src\test\resources
2022-12-15 15:37:04,698 [Worker-37: Building] INFO  o.a.m.s.f.DefaultMavenResourcesFiltering - Copying 1 resource
2022-12-15 15:37:04,703 [Worker-37: Building] INFO  o.a.m.s.f.DefaultMavenResourcesFiltering - Copying 0 resource
2022-12-15 15:37:04,705 [Worker-37: Building] INFO  o.a.m.s.f.DefaultMavenResourcesFiltering - skip non existing resourceDirectory C:\Users\ACER\OneDrive\Desktop\Web-19-Github\Aman_fw19_0965\unit-7\sprint-4\optional\Thursday-spring-mock\CabBookingApplication\src\test\resources
2022-12-15 15:37:28,746 [Worker-40: Updating Maven Project] INFO  o.e.m.c.i.p.ProjectConfigurationManager - Update started
2022-12-15 15:37:29,070 [Worker-40: Updating Maven Project] INFO  o.e.m.c.i.l.LifecycleMappingFactory - Using org.eclipse.m2e.jdt.JarLifecycleMapping lifecycle mapping for MavenProject: com.cab:CabBookingApplication:0.0.1-SNAPSHOT @ C:\Users\ACER\OneDrive\Desktop\Web-19-Github\Aman_fw19_0965\unit-7\sprint-4\optional\Thursday-spring-mock\CabBookingApplication\pom.xml.
2022-12-15 15:37:29,616 [Worker-40: Updating Maven Project] INFO  o.e.m.j.i.AbstractJavaProjectConfigurator - Adding source folder /CabBookingApplication/src/main/java
2022-12-15 15:37:29,616 [Worker-40: Updating Maven Project] INFO  o.e.m.j.i.AbstractJavaProjectConfigurator - Adding resource folder /CabBookingApplication/src/main/resources
2022-12-15 15:37:29,617 [Worker-40: Updating Maven Project] INFO  o.e.m.j.i.AbstractJavaProjectConfigurator - Adding resource folder /CabBookingApplication/src/main/resources
2022-12-15 15:37:29,617 [Worker-40: Updating Maven Project] INFO  o.e.m.j.i.AbstractJavaProjectConfigurator - Adding source folder /CabBookingApplication/src/test/java
2022-12-15 15:37:30,027 [Worker-40: Updating Maven Project] INFO  o.e.m.c.i.p.ProjectConfigurationManager - Update completed: 1 sec
2022-12-15 15:37:30,873 [Worker-37: Building] INFO  o.a.m.s.f.DefaultMavenResourcesFiltering - Copying 1 resource
2022-12-15 15:37:30,907 [Worker-37: Building] INFO  o.a.m.s.f.DefaultMavenResourcesFiltering - Copying 0 resource
2022-12-15 15:37:30,910 [Worker-37: Building] INFO  o.a.m.s.f.DefaultMavenResourcesFiltering - skip non existing resourceDirectory C:\Users\ACER\OneDrive\Desktop\Web-19-Github\Aman_fw19_0965\unit-7\sprint-4\optional\Thursday-spring-mock\CabBookingApplication\src\test\resources
2022-12-15 15:39:14,468 [Worker-39: Building] INFO  o.a.m.s.f.DefaultMavenResourcesFiltering - Copying 1 resource
2022-12-15 15:39:14,474 [Worker-39: Building] INFO  o.a.m.s.f.DefaultMavenResourcesFiltering - Copying 0 resource
2022-12-15 15:39:14,476 [Worker-39: Building] INFO  o.a.m.s.f.DefaultMavenResourcesFiltering - skip non existing resourceDirectory C:\Users\ACER\OneDrive\Desktop\Web-19-Github\Aman_fw19_0965\unit-7\sprint-4\optional\Thursday-spring-mock\CabBookingApplication\src\test\resources
2022-12-15 15:39:42,697 [Worker-39: Building] INFO  o.a.m.s.f.DefaultMavenResourcesFiltering - Copying 1 resource
2022-12-15 15:39:42,702 [Worker-39: Building] INFO  o.a.m.s.f.DefaultMavenResourcesFiltering - Copying 0 resource
2022-12-15 15:39:42,704 [Worker-39: Building] INFO  o.a.m.s.f.DefaultMavenResourcesFiltering - skip non existing resourceDirectory C:\Users\ACER\OneDrive\Desktop\Web-19-Github\Aman_fw19_0965\unit-7\sprint-4\optional\Thursday-spring-mock\CabBookingApplication\src\test\resources
2022-12-15 15:40:36,693 [Worker-43: Building] INFO  o.a.m.s.f.DefaultMavenResourcesFiltering - Copying 1 resource
2022-12-15 15:40:36,696 [Worker-43: Building] INFO  o.a.m.s.f.DefaultMavenResourcesFiltering - Copying 0 resource
2022-12-15 15:40:36,698 [Worker-43: Building] INFO  o.a.m.s.f.DefaultMavenResourcesFiltering - skip non existing resourceDirectory C:\Users\ACER\OneDrive\Desktop\Web-19-Github\Aman_fw19_0965\unit-7\sprint-4\optional\Thursday-spring-mock\CabBookingApplication\src\test\resources
2022-12-15 15:40:39,764 [Worker-37: Building] INFO  o.a.m.s.f.DefaultMavenResourcesFiltering - Copying 1 resource
2022-12-15 15:40:39,770 [Worker-37: Building] INFO  o.a.m.s.f.DefaultMavenResourcesFiltering - Copying 0 resource
2022-12-15 15:40:39,772 [Worker-37: Building] INFO  o.a.m.s.f.DefaultMavenResourcesFiltering - skip non existing resourceDirectory C:\Users\ACER\OneDrive\Desktop\Web-19-Github\Aman_fw19_0965\unit-7\sprint-4\optional\Thursday-spring-mock\CabBookingApplication\src\test\resources
2022-12-15 15:40:46,794 [Worker-43: Building] INFO  o.a.m.s.f.DefaultMavenResourcesFiltering - Copying 1 resource
2022-12-15 15:40:46,800 [Worker-43: Building] INFO  o.a.m.s.f.DefaultMavenResourcesFiltering - Copying 0 resource
2022-12-15 15:40:46,802 [Worker-43: Building] INFO  o.a.m.s.f.DefaultMavenResourcesFiltering - skip non existing resourceDirectory C:\Users\ACER\OneDrive\Desktop\Web-19-Github\Aman_fw19_0965\unit-7\sprint-4\optional\Thursday-spring-mock\CabBookingApplication\src\test\resources
2022-12-15 15:41:02,476 [Worker-39: Building] INFO  o.a.m.s.f.DefaultMavenResourcesFiltering - Copying 1 resource
2022-12-15 15:41:02,482 [Worker-39: Building] INFO  o.a.m.s.f.DefaultMavenResourcesFiltering - Copying 0 resource
2022-12-15 15:41:02,483 [Worker-39: Building] INFO  o.a.m.s.f.DefaultMavenResourcesFiltering - skip non existing resourceDirectory C:\Users\ACER\OneDrive\Desktop\Web-19-Github\Aman_fw19_0965\unit-7\sprint-4\optional\Thursday-spring-mock\CabBookingApplication\src\test\resources
2022-12-15 15:41:29,956 [Worker-39: Building] INFO  o.a.m.s.f.DefaultMavenResourcesFiltering - Copying 1 resource
2022-12-15 15:41:29,961 [Worker-39: Building] INFO  o.a.m.s.f.DefaultMavenResourcesFiltering - Copying 0 resource
2022-12-15 15:41:29,965 [Worker-39: Building] INFO  o.a.m.s.f.DefaultMavenResourcesFiltering - skip non existing resourceDirectory C:\Users\ACER\OneDrive\Desktop\Web-19-Github\Aman_fw19_0965\unit-7\sprint-4\optional\Thursday-spring-mock\CabBookingApplication\src\test\resources
2022-12-15 15:42:12,931 [Worker-41: Building] INFO  o.a.m.s.f.DefaultMavenResourcesFiltering - Copying 1 resource
2022-12-15 15:42:12,936 [Worker-41: Building] INFO  o.a.m.s.f.DefaultMavenResourcesFiltering - Copying 0 resource
2022-12-15 15:42:12,938 [Worker-41: Building] INFO  o.a.m.s.f.DefaultMavenResourcesFiltering - skip non existing resourceDirectory C:\Users\ACER\OneDrive\Desktop\Web-19-Github\Aman_fw19_0965\unit-7\sprint-4\optional\Thursday-spring-mock\CabBookingApplication\src\test\resources
2022-12-15 15:42:40,980 [Worker-43: Building] INFO  o.a.m.s.f.DefaultMavenResourcesFiltering - Copying 1 resource
2022-12-15 15:42:40,985 [Worker-43: Building] INFO  o.a.m.s.f.DefaultMavenResourcesFiltering - Copying 0 resource
2022-12-15 15:42:40,987 [Worker-43: Building] INFO  o.a.m.s.f.DefaultMavenResourcesFiltering - skip non existing resourceDirectory C:\Users\ACER\OneDrive\Desktop\Web-19-Github\Aman_fw19_0965\unit-7\sprint-4\optional\Thursday-spring-mock\CabBookingApplication\src\test\resources
2022-12-15 15:42:46,365 [Worker-41: Building] INFO  o.a.m.s.f.DefaultMavenResourcesFiltering - Copying 1 resource
2022-12-15 15:42:46,370 [Worker-41: Building] INFO  o.a.m.s.f.DefaultMavenResourcesFiltering - Copying 0 resource
2022-12-15 15:42:46,372 [Worker-41: Building] INFO  o.a.m.s.f.DefaultMavenResourcesFiltering - skip non existing resourceDirectory C:\Users\ACER\OneDrive\Desktop\Web-19-Github\Aman_fw19_0965\unit-7\sprint-4\optional\Thursday-spring-mock\CabBookingApplication\src\test\resources
2022-12-15 15:42:53,925 [Worker-40: Building] INFO  o.a.m.s.f.DefaultMavenResourcesFiltering - Copying 1 resource
2022-12-15 15:42:53,930 [Worker-40: Building] INFO  o.a.m.s.f.DefaultMavenResourcesFiltering - Copying 0 resource
2022-12-15 15:42:53,932 [Worker-40: Building] INFO  o.a.m.s.f.DefaultMavenResourcesFiltering - skip non existing resourceDirectory C:\Users\ACER\OneDrive\Desktop\Web-19-Github\Aman_fw19_0965\unit-7\sprint-4\optional\Thursday-spring-mock\CabBookingApplication\src\test\resources
2022-12-15 15:43:27,407 [Worker-38: Building] INFO  o.a.m.s.f.DefaultMavenResourcesFiltering - Copying 1 resource
2022-12-15 15:43:27,462 [Worker-38: Building] INFO  o.a.m.s.f.DefaultMavenResourcesFiltering - Copying 0 resource
2022-12-15 15:43:27,465 [Worker-38: Building] INFO  o.a.m.s.f.DefaultMavenResourcesFiltering - skip non existing resourceDirectory C:\Users\ACER\OneDrive\Desktop\Web-19-Github\Aman_fw19_0965\unit-7\sprint-4\optional\Thursday-spring-mock\CabBookingApplication\src\test\resources
2022-12-15 15:43:32,943 [Worker-45: Building] INFO  o.a.m.s.f.DefaultMavenResourcesFiltering - Copying 1 resource
2022-12-15 15:43:32,949 [Worker-45: Building] INFO  o.a.m.s.f.DefaultMavenResourcesFiltering - Copying 0 resource
2022-12-15 15:43:32,951 [Worker-45: Building] INFO  o.a.m.s.f.DefaultMavenResourcesFiltering - skip non existing resourceDirectory C:\Users\ACER\OneDrive\Desktop\Web-19-Github\Aman_fw19_0965\unit-7\sprint-4\optional\Thursday-spring-mock\CabBookingApplication\src\test\resources
2022-12-15 15:44:42,959 [Worker-41: Building] INFO  o.a.m.s.f.DefaultMavenResourcesFiltering - Copying 1 resource
2022-12-15 15:44:42,964 [Worker-41: Building] INFO  o.a.m.s.f.DefaultMavenResourcesFiltering - Copying 0 resource
2022-12-15 15:44:42,966 [Worker-41: Building] INFO  o.a.m.s.f.DefaultMavenResourcesFiltering - skip non existing resourceDirectory C:\Users\ACER\OneDrive\Desktop\Web-19-Github\Aman_fw19_0965\unit-7\sprint-4\optional\Thursday-spring-mock\CabBookingApplication\src\test\resources
2022-12-15 15:45:45,778 [Worker-44: Building] INFO  o.a.m.s.f.DefaultMavenResourcesFiltering - Copying 1 resource
2022-12-15 15:45:45,784 [Worker-44: Building] INFO  o.a.m.s.f.DefaultMavenResourcesFiltering - Copying 0 resource
2022-12-15 15:45:45,787 [Worker-44: Building] INFO  o.a.m.s.f.DefaultMavenResourcesFiltering - skip non existing resourceDirectory C:\Users\ACER\OneDrive\Desktop\Web-19-Github\Aman_fw19_0965\unit-7\sprint-4\optional\Thursday-spring-mock\CabBookingApplication\src\test\resources
2022-12-15 15:45:58,565 [Worker-43: Building] INFO  o.a.m.s.f.DefaultMavenResourcesFiltering - Copying 1 resource
2022-12-15 15:45:58,571 [Worker-43: Building] INFO  o.a.m.s.f.DefaultMavenResourcesFiltering - Copying 0 resource
2022-12-15 15:45:58,572 [Worker-43: Building] INFO  o.a.m.s.f.DefaultMavenResourcesFiltering - skip non existing resourceDirectory C:\Users\ACER\OneDrive\Desktop\Web-19-Github\Aman_fw19_0965\unit-7\sprint-4\optional\Thursday-spring-mock\CabBookingApplication\src\test\resources
2022-12-15 15:49:10,824 [Worker-38: Building] INFO  o.a.m.s.f.DefaultMavenResourcesFiltering - Copying 1 resource
2022-12-15 15:49:10,830 [Worker-38: Building] INFO  o.a.m.s.f.DefaultMavenResourcesFiltering - Copying 0 resource
2022-12-15 15:49:10,832 [Worker-38: Building] INFO  o.a.m.s.f.DefaultMavenResourcesFiltering - skip non existing resourceDirectory C:\Users\ACER\OneDrive\Desktop\Web-19-Github\Aman_fw19_0965\unit-7\sprint-4\optional\Thursday-spring-mock\CabBookingApplication\src\test\resources
2022-12-15 15:49:25,788 [Worker-42: Building] INFO  o.a.m.s.f.DefaultMavenResourcesFiltering - Copying 1 resource
2022-12-15 15:49:25,795 [Worker-42: Building] INFO  o.a.m.s.f.DefaultMavenResourcesFiltering - Copying 0 resource
2022-12-15 15:49:25,797 [Worker-42: Building] INFO  o.a.m.s.f.DefaultMavenResourcesFiltering - skip non existing resourceDirectory C:\Users\ACER\OneDrive\Desktop\Web-19-Github\Aman_fw19_0965\unit-7\sprint-4\optional\Thursday-spring-mock\CabBookingApplication\src\test\resources
2022-12-15 15:50:46,272 [Worker-38: Building] INFO  o.e.m.c.i.l.LifecycleMappingFactory - Using org.eclipse.m2e.jdt.JarLifecycleMapping lifecycle mapping for MavenProject: com.cab:CabBookingApplication:0.0.1-SNAPSHOT @ C:\Users\ACER\OneDrive\Desktop\Web-19-Github\Aman_fw19_0965\unit-7\sprint-4\optional\Thursday-spring-mock\CabBookingApplication\pom.xml.
2022-12-15 15:50:48,299 [Worker-38: Building] INFO  o.a.m.s.f.DefaultMavenResourcesFiltering - Copying 0 resource
2022-12-15 15:50:48,300 [Worker-38: Building] INFO  o.a.m.s.f.DefaultMavenResourcesFiltering - Copying 0 resource
2022-12-15 15:50:48,303 [Worker-38: Building] INFO  o.a.m.s.f.DefaultMavenResourcesFiltering - skip non existing resourceDirectory C:\Users\ACER\OneDrive\Desktop\Web-19-Github\Aman_fw19_0965\unit-7\sprint-4\optional\Thursday-spring-mock\CabBookingApplication\src\test\resources
2022-12-15 15:50:50,458 [Worker-48: Building] INFO  o.a.m.s.f.DefaultMavenResourcesFiltering - Copying 1 resource
2022-12-15 15:50:50,500 [Worker-48: Building] INFO  o.a.m.s.f.DefaultMavenResourcesFiltering - Copying 0 resource
2022-12-15 15:50:50,506 [Worker-48: Building] INFO  o.a.m.s.f.DefaultMavenResourcesFiltering - skip non existing resourceDirectory C:\Users\ACER\OneDrive\Desktop\Web-19-Github\Aman_fw19_0965\unit-7\sprint-4\optional\Thursday-spring-mock\CabBookingApplication\src\test\resources
2022-12-15 15:53:26,699 [Worker-50: Building] INFO  o.a.m.s.f.DefaultMavenResourcesFiltering - Copying 1 resource
2022-12-15 15:53:26,705 [Worker-50: Building] INFO  o.a.m.s.f.DefaultMavenResourcesFiltering - Copying 0 resource
2022-12-15 15:53:26,707 [Worker-50: Building] INFO  o.a.m.s.f.DefaultMavenResourcesFiltering - skip non existing resourceDirectory C:\Users\ACER\OneDrive\Desktop\Web-19-Github\Aman_fw19_0965\unit-7\sprint-4\optional\Thursday-spring-mock\CabBookingApplication\src\test\resources
2022-12-15 15:59:56,705 [Worker-51: Building] INFO  o.a.m.s.f.DefaultMavenResourcesFiltering - Copying 1 resource
2022-12-15 15:59:56,767 [Worker-51: Building] INFO  o.a.m.s.f.DefaultMavenResourcesFiltering - Copying 0 resource
2022-12-15 15:59:56,769 [Worker-51: Building] INFO  o.a.m.s.f.DefaultMavenResourcesFiltering - skip non existing resourceDirectory C:\Users\ACER\OneDrive\Desktop\Web-19-Github\Aman_fw19_0965\unit-7\sprint-4\optional\Thursday-spring-mock\CabBookingApplication\src\test\resources
2022-12-15 16:01:46,797 [Worker-53: Building] INFO  o.a.m.s.f.DefaultMavenResourcesFiltering - Copying 1 resource
2022-12-15 16:01:46,802 [Worker-53: Building] INFO  o.a.m.s.f.DefaultMavenResourcesFiltering - Copying 0 resource
2022-12-15 16:01:46,804 [Worker-53: Building] INFO  o.a.m.s.f.DefaultMavenResourcesFiltering - skip non existing resourceDirectory C:\Users\ACER\OneDrive\Desktop\Web-19-Github\Aman_fw19_0965\unit-7\sprint-4\optional\Thursday-spring-mock\CabBookingApplication\src\test\resources
2022-12-15 16:03:16,863 [Worker-54: Building] INFO  o.a.m.s.f.DefaultMavenResourcesFiltering - Copying 1 resource
2022-12-15 16:03:16,895 [Worker-54: Building] INFO  o.a.m.s.f.DefaultMavenResourcesFiltering - Copying 0 resource
2022-12-15 16:03:16,895 [Worker-54: Building] INFO  o.a.m.s.f.DefaultMavenResourcesFiltering - skip non existing resourceDirectory C:\Users\ACER\OneDrive\Desktop\Web-19-Github\Aman_fw19_0965\unit-7\sprint-4\optional\Thursday-spring-mock\CabBookingApplication\src\test\resources
2022-12-15 16:03:59,106 [Worker-42: Building] INFO  o.a.m.s.f.DefaultMavenResourcesFiltering - Copying 1 resource
2022-12-15 16:03:59,113 [Worker-42: Building] INFO  o.a.m.s.f.DefaultMavenResourcesFiltering - Copying 0 resource
2022-12-15 16:03:59,115 [Worker-42: Building] INFO  o.a.m.s.f.DefaultMavenResourcesFiltering - skip non existing resourceDirectory C:\Users\ACER\OneDrive\Desktop\Web-19-Github\Aman_fw19_0965\unit-7\sprint-4\optional\Thursday-spring-mock\CabBookingApplication\src\test\resources
2022-12-15 16:04:10,275 [Worker-42: Building] INFO  o.a.m.s.f.DefaultMavenResourcesFiltering - Copying 1 resource
2022-12-15 16:04:10,279 [Worker-42: Building] INFO  o.a.m.s.f.DefaultMavenResourcesFiltering - Copying 0 resource
2022-12-15 16:04:10,281 [Worker-42: Building] INFO  o.a.m.s.f.DefaultMavenResourcesFiltering - skip non existing resourceDirectory C:\Users\ACER\OneDrive\Desktop\Web-19-Github\Aman_fw19_0965\unit-7\sprint-4\optional\Thursday-spring-mock\CabBookingApplication\src\test\resources
2022-12-15 16:04:20,547 [Worker-42: Building] INFO  o.a.m.s.f.DefaultMavenResourcesFiltering - Copying 1 resource
2022-12-15 16:04:20,552 [Worker-42: Building] INFO  o.a.m.s.f.DefaultMavenResourcesFiltering - Copying 0 resource
2022-12-15 16:04:20,554 [Worker-42: Building] INFO  o.a.m.s.f.DefaultMavenResourcesFiltering - skip non existing resourceDirectory C:\Users\ACER\OneDrive\Desktop\Web-19-Github\Aman_fw19_0965\unit-7\sprint-4\optional\Thursday-spring-mock\CabBookingApplication\src\test\resources
2022-12-15 16:04:32,063 [Worker-42: Building] INFO  o.a.m.s.f.DefaultMavenResourcesFiltering - Copying 1 resource
2022-12-15 16:04:32,071 [Worker-42: Building] INFO  o.a.m.s.f.DefaultMavenResourcesFiltering - Copying 0 resource
2022-12-15 16:04:32,073 [Worker-42: Building] INFO  o.a.m.s.f.DefaultMavenResourcesFiltering - skip non existing resourceDirectory C:\Users\ACER\OneDrive\Desktop\Web-19-Github\Aman_fw19_0965\unit-7\sprint-4\optional\Thursday-spring-mock\CabBookingApplication\src\test\resources
2022-12-15 16:05:32,754 [Worker-55: Building] INFO  o.a.m.s.f.DefaultMavenResourcesFiltering - Copying 1 resource
2022-12-15 16:05:32,759 [Worker-55: Building] INFO  o.a.m.s.f.DefaultMavenResourcesFiltering - Copying 0 resource
2022-12-15 16:05:32,761 [Worker-55: Building] INFO  o.a.m.s.f.DefaultMavenResourcesFiltering - skip non existing resourceDirectory C:\Users\ACER\OneDrive\Desktop\Web-19-Github\Aman_fw19_0965\unit-7\sprint-4\optional\Thursday-spring-mock\CabBookingApplication\src\test\resources
2022-12-15 16:08:14,692 [Worker-53: Building] INFO  o.a.m.s.f.DefaultMavenResourcesFiltering - Copying 1 resource
2022-12-15 16:08:14,692 [Worker-53: Building] INFO  o.a.m.s.f.DefaultMavenResourcesFiltering - Copying 0 resource
2022-12-15 16:08:14,692 [Worker-53: Building] INFO  o.a.m.s.f.DefaultMavenResourcesFiltering - skip non existing resourceDirectory C:\Users\ACER\OneDrive\Desktop\Web-19-Github\Aman_fw19_0965\unit-7\sprint-4\optional\Thursday-spring-mock\CabBookingApplication\src\test\resources
2022-12-15 16:09:58,013 [Worker-56: Building] INFO  o.a.m.s.f.DefaultMavenResourcesFiltering - Copying 1 resource
2022-12-15 16:09:58,019 [Worker-56: Building] INFO  o.a.m.s.f.DefaultMavenResourcesFiltering - Copying 0 resource
2022-12-15 16:09:58,020 [Worker-56: Building] INFO  o.a.m.s.f.DefaultMavenResourcesFiltering - skip non existing resourceDirectory C:\Users\ACER\OneDrive\Desktop\Web-19-Github\Aman_fw19_0965\unit-7\sprint-4\optional\Thursday-spring-mock\CabBookingApplication\src\test\resources
2022-12-15 16:12:45,526 [Worker-57: Building] INFO  o.a.m.s.f.DefaultMavenResourcesFiltering - Copying 1 resource
2022-12-15 16:12:45,531 [Worker-57: Building] INFO  o.a.m.s.f.DefaultMavenResourcesFiltering - Copying 0 resource
2022-12-15 16:12:45,534 [Worker-57: Building] INFO  o.a.m.s.f.DefaultMavenResourcesFiltering - skip non existing resourceDirectory C:\Users\ACER\OneDrive\Desktop\Web-19-Github\Aman_fw19_0965\unit-7\sprint-4\optional\Thursday-spring-mock\CabBookingApplication\src\test\resources
2022-12-15 16:15:38,870 [Worker-57: Building] INFO  o.a.m.s.f.DefaultMavenResourcesFiltering - Copying 1 resource
2022-12-15 16:15:38,875 [Worker-57: Building] INFO  o.a.m.s.f.DefaultMavenResourcesFiltering - Copying 0 resource
2022-12-15 16:15:38,877 [Worker-57: Building] INFO  o.a.m.s.f.DefaultMavenResourcesFiltering - skip non existing resourceDirectory C:\Users\ACER\OneDrive\Desktop\Web-19-Github\Aman_fw19_0965\unit-7\sprint-4\optional\Thursday-spring-mock\CabBookingApplication\src\test\resources
2022-12-15 16:17:40,819 [Worker-60: Building] INFO  o.a.m.s.f.DefaultMavenResourcesFiltering - Copying 1 resource
2022-12-15 16:17:40,825 [Worker-60: Building] INFO  o.a.m.s.f.DefaultMavenResourcesFiltering - Copying 0 resource
2022-12-15 16:17:40,828 [Worker-60: Building] INFO  o.a.m.s.f.DefaultMavenResourcesFiltering - skip non existing resourceDirectory C:\Users\ACER\OneDrive\Desktop\Web-19-Github\Aman_fw19_0965\unit-7\sprint-4\optional\Thursday-spring-mock\CabBookingApplication\src\test\resources
2022-12-15 16:22:56,093 [Worker-64: Building] INFO  o.a.m.s.f.DefaultMavenResourcesFiltering - Copying 1 resource
2022-12-15 16:22:56,098 [Worker-64: Building] INFO  o.a.m.s.f.DefaultMavenResourcesFiltering - Copying 0 resource
2022-12-15 16:22:56,099 [Worker-64: Building] INFO  o.a.m.s.f.DefaultMavenResourcesFiltering - skip non existing resourceDirectory C:\Users\ACER\OneDrive\Desktop\Web-19-Github\Aman_fw19_0965\unit-7\sprint-4\optional\Thursday-spring-mock\CabBookingApplication\src\test\resources
2022-12-15 16:23:34,571 [Worker-60: Building] INFO  o.a.m.s.f.DefaultMavenResourcesFiltering - Copying 1 resource
2022-12-15 16:23:34,576 [Worker-60: Building] INFO  o.a.m.s.f.DefaultMavenResourcesFiltering - Copying 0 resource
2022-12-15 16:23:34,578 [Worker-60: Building] INFO  o.a.m.s.f.DefaultMavenResourcesFiltering - skip non existing resourceDirectory C:\Users\ACER\OneDrive\Desktop\Web-19-Github\Aman_fw19_0965\unit-7\sprint-4\optional\Thursday-spring-mock\CabBookingApplication\src\test\resources
2022-12-15 16:24:12,394 [Worker-64: Building] INFO  o.a.m.s.f.DefaultMavenResourcesFiltering - Copying 1 resource
2022-12-15 16:24:12,400 [Worker-64: Building] INFO  o.a.m.s.f.DefaultMavenResourcesFiltering - Copying 0 resource
2022-12-15 16:24:12,402 [Worker-64: Building] INFO  o.a.m.s.f.DefaultMavenResourcesFiltering - skip non existing resourceDirectory C:\Users\ACER\OneDrive\Desktop\Web-19-Github\Aman_fw19_0965\unit-7\sprint-4\optional\Thursday-spring-mock\CabBookingApplication\src\test\resources
2022-12-15 16:24:31,938 [Worker-63: Building] INFO  o.a.m.s.f.DefaultMavenResourcesFiltering - Copying 1 resource
2022-12-15 16:24:31,948 [Worker-63: Building] INFO  o.a.m.s.f.DefaultMavenResourcesFiltering - Copying 0 resource
2022-12-15 16:24:31,951 [Worker-63: Building] INFO  o.a.m.s.f.DefaultMavenResourcesFiltering - skip non existing resourceDirectory C:\Users\ACER\OneDrive\Desktop\Web-19-Github\Aman_fw19_0965\unit-7\sprint-4\optional\Thursday-spring-mock\CabBookingApplication\src\test\resources
2022-12-15 16:25:18,804 [Worker-63: Building] INFO  o.a.m.s.f.DefaultMavenResourcesFiltering - Copying 1 resource
2022-12-15 16:25:18,809 [Worker-63: Building] INFO  o.a.m.s.f.DefaultMavenResourcesFiltering - Copying 0 resource
2022-12-15 16:25:18,811 [Worker-63: Building] INFO  o.a.m.s.f.DefaultMavenResourcesFiltering - skip non existing resourceDirectory C:\Users\ACER\OneDrive\Desktop\Web-19-Github\Aman_fw19_0965\unit-7\sprint-4\optional\Thursday-spring-mock\CabBookingApplication\src\test\resources
2022-12-15 16:26:25,404 [Worker-60: Building] INFO  o.a.m.s.f.DefaultMavenResourcesFiltering - Copying 1 resource
2022-12-15 16:26:25,410 [Worker-60: Building] INFO  o.a.m.s.f.DefaultMavenResourcesFiltering - Copying 0 resource
2022-12-15 16:26:25,412 [Worker-60: Building] INFO  o.a.m.s.f.DefaultMavenResourcesFiltering - skip non existing resourceDirectory C:\Users\ACER\OneDrive\Desktop\Web-19-Github\Aman_fw19_0965\unit-7\sprint-4\optional\Thursday-spring-mock\CabBookingApplication\src\test\resources
2022-12-15 16:26:34,494 [Worker-66: Building] INFO  o.a.m.s.f.DefaultMavenResourcesFiltering - Copying 1 resource
2022-12-15 16:26:34,503 [Worker-66: Building] INFO  o.a.m.s.f.DefaultMavenResourcesFiltering - Copying 0 resource
2022-12-15 16:26:34,504 [Worker-66: Building] INFO  o.a.m.s.f.DefaultMavenResourcesFiltering - skip non existing resourceDirectory C:\Users\ACER\OneDrive\Desktop\Web-19-Github\Aman_fw19_0965\unit-7\sprint-4\optional\Thursday-spring-mock\CabBookingApplication\src\test\resources
2022-12-15 16:31:39,678 [Worker-60: Building] INFO  o.a.m.s.f.DefaultMavenResourcesFiltering - Copying 1 resource
2022-12-15 16:31:39,691 [Worker-60: Building] INFO  o.a.m.s.f.DefaultMavenResourcesFiltering - Copying 0 resource
2022-12-15 16:31:39,694 [Worker-60: Building] INFO  o.a.m.s.f.DefaultMavenResourcesFiltering - skip non existing resourceDirectory C:\Users\ACER\OneDrive\Desktop\Web-19-Github\Aman_fw19_0965\unit-7\sprint-4\optional\Thursday-spring-mock\CabBookingApplication\src\test\resources
2022-12-15 16:33:12,028 [Worker-68: Building] INFO  o.a.m.s.f.DefaultMavenResourcesFiltering - Copying 1 resource
2022-12-15 16:33:12,033 [Worker-68: Building] INFO  o.a.m.s.f.DefaultMavenResourcesFiltering - Copying 0 resource
2022-12-15 16:33:12,035 [Worker-68: Building] INFO  o.a.m.s.f.DefaultMavenResourcesFiltering - skip non existing resourceDirectory C:\Users\ACER\OneDrive\Desktop\Web-19-Github\Aman_fw19_0965\unit-7\sprint-4\optional\Thursday-spring-mock\CabBookingApplication\src\test\resources
2022-12-15 16:42:45,143 [Worker-74: Building] INFO  o.e.m.c.i.l.LifecycleMappingFactory - Using org.eclipse.m2e.jdt.JarLifecycleMapping lifecycle mapping for MavenProject: com.cab:CabBookingApplication:0.0.1-SNAPSHOT @ C:\Users\ACER\OneDrive\Desktop\Web-19-Github\Aman_fw19_0965\unit-7\sprint-4\optional\Thursday-spring-mock\CabBookingApplication\pom.xml.
2022-12-15 16:42:47,230 [Worker-74: Building] INFO  o.e.m.c.i.e.AbstractTransferListenerAdapter - Downloading https://repo.maven.apache.org/maven2/org/springframework/boot/spring-boot-starter-validation/2.7.6/spring-boot-starter-validation-2.7.6.pom
2022-12-15 16:42:47,583 [Worker-74: Building] INFO  o.e.m.c.i.e.AbstractTransferListenerAdapter - Downloaded https://repo.maven.apache.org/maven2/org/springframework/boot/spring-boot-starter-validation/2.7.6/spring-boot-starter-validation-2.7.6.pom
2022-12-15 16:42:48,441 [Worker-74: Building] INFO  o.e.m.c.i.e.AbstractTransferListenerAdapter - Downloading https://repo.maven.apache.org/maven2/org/springframework/boot/spring-boot-starter-validation/2.7.6/spring-boot-starter-validation-2.7.6.jar
2022-12-15 16:42:48,693 [Worker-74: Building] INFO  o.e.m.c.i.e.AbstractTransferListenerAdapter - Downloaded https://repo.maven.apache.org/maven2/org/springframework/boot/spring-boot-starter-validation/2.7.6/spring-boot-starter-validation-2.7.6.jar
2022-12-15 16:42:51,622 [Worker-76: Download sources and javadoc] INFO  o.e.m.c.i.e.AbstractTransferListenerAdapter - Downloading https://repo.maven.apache.org/maven2/org/springframework/boot/spring-boot-starter-validation/2.7.6/spring-boot-starter-validation-2.7.6-sources.jar
2022-12-15 16:42:51,981 [Worker-76: Download sources and javadoc] INFO  o.e.m.c.i.e.AbstractTransferListenerAdapter - Downloaded https://repo.maven.apache.org/maven2/org/springframework/boot/spring-boot-starter-validation/2.7.6/spring-boot-starter-validation-2.7.6-sources.jar
2022-12-15 16:42:51,985 [Worker-76: Download sources and javadoc] INFO  o.e.m.j.internal.DownloadSourcesJob - Downloaded sources for org.springframework.boot:spring-boot-starter-validation:2.7.6
2022-12-15 16:42:53,938 [Worker-74: Building] INFO  o.e.m.c.i.embedder.EclipseLogger - Using 'UTF-8' encoding to copy filtered resources.
2022-12-15 16:42:53,938 [Worker-74: Building] INFO  o.e.m.c.i.embedder.EclipseLogger - Using 'UTF-8' encoding to copy filtered properties files.
2022-12-15 16:42:53,942 [Worker-74: Building] INFO  o.e.m.c.i.embedder.EclipseLogger - Copying 0 resource
2022-12-15 16:42:53,942 [Worker-74: Building] INFO  o.e.m.c.i.embedder.EclipseLogger - Copying 0 resource
2022-12-15 16:42:53,946 [Worker-74: Building] INFO  o.e.m.c.i.embedder.EclipseLogger - Using 'UTF-8' encoding to copy filtered resources.
2022-12-15 16:42:53,947 [Worker-74: Building] INFO  o.e.m.c.i.embedder.EclipseLogger - Using 'UTF-8' encoding to copy filtered properties files.
2022-12-15 16:42:53,947 [Worker-74: Building] INFO  o.e.m.c.i.embedder.EclipseLogger - skip non existing resourceDirectory C:\Users\ACER\OneDrive\Desktop\Web-19-Github\Aman_fw19_0965\unit-7\sprint-4\optional\Thursday-spring-mock\CabBookingApplication\src\test\resources
2022-12-15 16:42:57,490 [Worker-69: Building] INFO  o.e.m.c.i.embedder.EclipseLogger - Using 'UTF-8' encoding to copy filtered resources.
2022-12-15 16:42:57,491 [Worker-69: Building] INFO  o.e.m.c.i.embedder.EclipseLogger - Using 'UTF-8' encoding to copy filtered properties files.
2022-12-15 16:42:57,492 [Worker-69: Building] INFO  o.e.m.c.i.embedder.EclipseLogger - Copying 1 resource
2022-12-15 16:42:57,521 [Worker-69: Building] INFO  o.e.m.c.i.embedder.EclipseLogger - Copying 0 resource
2022-12-15 16:42:57,525 [Worker-69: Building] INFO  o.e.m.c.i.embedder.EclipseLogger - Using 'UTF-8' encoding to copy filtered resources.
2022-12-15 16:42:57,526 [Worker-69: Building] INFO  o.e.m.c.i.embedder.EclipseLogger - Using 'UTF-8' encoding to copy filtered properties files.
2022-12-15 16:42:57,526 [Worker-69: Building] INFO  o.e.m.c.i.embedder.EclipseLogger - skip non existing resourceDirectory C:\Users\ACER\OneDrive\Desktop\Web-19-Github\Aman_fw19_0965\unit-7\sprint-4\optional\Thursday-spring-mock\CabBookingApplication\src\test\resources
2022-12-15 16:46:42,448 [Worker-76: Building] INFO  o.e.m.c.i.embedder.EclipseLogger - Using 'UTF-8' encoding to copy filtered resources.
2022-12-15 16:46:42,449 [Worker-76: Building] INFO  o.e.m.c.i.embedder.EclipseLogger - Using 'UTF-8' encoding to copy filtered properties files.
2022-12-15 16:46:42,450 [Worker-76: Building] INFO  o.e.m.c.i.embedder.EclipseLogger - Copying 1 resource
2022-12-15 16:46:42,461 [Worker-76: Building] INFO  o.e.m.c.i.embedder.EclipseLogger - Copying 0 resource
2022-12-15 16:46:42,462 [Worker-76: Building] INFO  o.e.m.c.i.embedder.EclipseLogger - Using 'UTF-8' encoding to copy filtered resources.
2022-12-15 16:46:42,463 [Worker-76: Building] INFO  o.e.m.c.i.embedder.EclipseLogger - Using 'UTF-8' encoding to copy filtered properties files.
2022-12-15 16:46:42,463 [Worker-76: Building] INFO  o.e.m.c.i.embedder.EclipseLogger - skip non existing resourceDirectory C:\Users\ACER\OneDrive\Desktop\Web-19-Github\Aman_fw19_0965\unit-7\sprint-4\optional\Thursday-spring-mock\CabBookingApplication\src\test\resources
2022-12-15 16:47:23,205 [Worker-75: Building] INFO  o.e.m.c.i.embedder.EclipseLogger - Using 'UTF-8' encoding to copy filtered resources.
2022-12-15 16:47:23,205 [Worker-75: Building] INFO  o.e.m.c.i.embedder.EclipseLogger - Using 'UTF-8' encoding to copy filtered properties files.
2022-12-15 16:47:23,206 [Worker-75: Building] INFO  o.e.m.c.i.embedder.EclipseLogger - Copying 1 resource
2022-12-15 16:47:23,220 [Worker-75: Building] INFO  o.e.m.c.i.embedder.EclipseLogger - Copying 0 resource
2022-12-15 16:47:23,222 [Worker-75: Building] INFO  o.e.m.c.i.embedder.EclipseLogger - Using 'UTF-8' encoding to copy filtered resources.
2022-12-15 16:47:23,222 [Worker-75: Building] INFO  o.e.m.c.i.embedder.EclipseLogger - Using 'UTF-8' encoding to copy filtered properties files.
2022-12-15 16:47:23,222 [Worker-75: Building] INFO  o.e.m.c.i.embedder.EclipseLogger - skip non existing resourceDirectory C:\Users\ACER\OneDrive\Desktop\Web-19-Github\Aman_fw19_0965\unit-7\sprint-4\optional\Thursday-spring-mock\CabBookingApplication\src\test\resources
2022-12-15 16:47:56,075 [Worker-76: Building] INFO  o.e.m.c.i.embedder.EclipseLogger - Using 'UTF-8' encoding to copy filtered resources.
2022-12-15 16:47:56,077 [Worker-76: Building] INFO  o.e.m.c.i.embedder.EclipseLogger - Using 'UTF-8' encoding to copy filtered properties files.
2022-12-15 16:47:56,079 [Worker-76: Building] INFO  o.e.m.c.i.embedder.EclipseLogger - Copying 1 resource
2022-12-15 16:47:56,088 [Worker-76: Building] INFO  o.e.m.c.i.embedder.EclipseLogger - Copying 0 resource
2022-12-15 16:47:56,091 [Worker-76: Building] INFO  o.e.m.c.i.embedder.EclipseLogger - Using 'UTF-8' encoding to copy filtered resources.
2022-12-15 16:47:56,091 [Worker-76: Building] INFO  o.e.m.c.i.embedder.EclipseLogger - Using 'UTF-8' encoding to copy filtered properties files.
2022-12-15 16:47:56,091 [Worker-76: Building] INFO  o.e.m.c.i.embedder.EclipseLogger - skip non existing resourceDirectory C:\Users\ACER\OneDrive\Desktop\Web-19-Github\Aman_fw19_0965\unit-7\sprint-4\optional\Thursday-spring-mock\CabBookingApplication\src\test\resources
2022-12-15 16:48:13,522 [Worker-64: Building] INFO  o.e.m.c.i.embedder.EclipseLogger - Using 'UTF-8' encoding to copy filtered resources.
2022-12-15 16:48:13,523 [Worker-64: Building] INFO  o.e.m.c.i.embedder.EclipseLogger - Using 'UTF-8' encoding to copy filtered properties files.
2022-12-15 16:48:13,524 [Worker-64: Building] INFO  o.e.m.c.i.embedder.EclipseLogger - Copying 1 resource
2022-12-15 16:48:13,530 [Worker-64: Building] INFO  o.e.m.c.i.embedder.EclipseLogger - Copying 0 resource
2022-12-15 16:48:13,531 [Worker-64: Building] INFO  o.e.m.c.i.embedder.EclipseLogger - Using 'UTF-8' encoding to copy filtered resources.
2022-12-15 16:48:13,532 [Worker-64: Building] INFO  o.e.m.c.i.embedder.EclipseLogger - Using 'UTF-8' encoding to copy filtered properties files.
2022-12-15 16:48:13,532 [Worker-64: Building] INFO  o.e.m.c.i.embedder.EclipseLogger - skip non existing resourceDirectory C:\Users\ACER\OneDrive\Desktop\Web-19-Github\Aman_fw19_0965\unit-7\sprint-4\optional\Thursday-spring-mock\CabBookingApplication\src\test\resources
2022-12-15 16:55:46,752 [Worker-81: Building] INFO  o.e.m.c.i.embedder.EclipseLogger - Using 'UTF-8' encoding to copy filtered resources.
2022-12-15 16:55:46,753 [Worker-81: Building] INFO  o.e.m.c.i.embedder.EclipseLogger - Using 'UTF-8' encoding to copy filtered properties files.
2022-12-15 16:55:46,754 [Worker-81: Building] INFO  o.e.m.c.i.embedder.EclipseLogger - Copying 1 resource
2022-12-15 16:55:46,761 [Worker-81: Building] INFO  o.e.m.c.i.embedder.EclipseLogger - Copying 0 resource
2022-12-15 16:55:46,763 [Worker-81: Building] INFO  o.e.m.c.i.embedder.EclipseLogger - Using 'UTF-8' encoding to copy filtered resources.
2022-12-15 16:55:46,763 [Worker-81: Building] INFO  o.e.m.c.i.embedder.EclipseLogger - Using 'UTF-8' encoding to copy filtered properties files.
2022-12-15 16:55:46,763 [Worker-81: Building] INFO  o.e.m.c.i.embedder.EclipseLogger - skip non existing resourceDirectory C:\Users\ACER\OneDrive\Desktop\Web-19-Github\Aman_fw19_0965\unit-7\sprint-4\optional\Thursday-spring-mock\CabBookingApplication\src\test\resources
2022-12-15 17:00:39,221 [Worker-86: Building] INFO  o.e.m.c.i.embedder.EclipseLogger - Using 'UTF-8' encoding to copy filtered resources.
2022-12-15 17:00:39,222 [Worker-86: Building] INFO  o.e.m.c.i.embedder.EclipseLogger - Using 'UTF-8' encoding to copy filtered properties files.
2022-12-15 17:00:39,223 [Worker-86: Building] INFO  o.e.m.c.i.embedder.EclipseLogger - Copying 1 resource
2022-12-15 17:00:39,228 [Worker-86: Building] INFO  o.e.m.c.i.embedder.EclipseLogger - Copying 0 resource
2022-12-15 17:00:39,232 [Worker-86: Building] INFO  o.e.m.c.i.embedder.EclipseLogger - Using 'UTF-8' encoding to copy filtered resources.
2022-12-15 17:00:39,232 [Worker-86: Building] INFO  o.e.m.c.i.embedder.EclipseLogger - Using 'UTF-8' encoding to copy filtered properties files.
2022-12-15 17:00:39,232 [Worker-86: Building] INFO  o.e.m.c.i.embedder.EclipseLogger - skip non existing resourceDirectory C:\Users\ACER\OneDrive\Desktop\Web-19-Github\Aman_fw19_0965\unit-7\sprint-4\optional\Thursday-spring-mock\CabBookingApplication\src\test\resources
2022-12-15 17:00:59,793 [Worker-85: Building] INFO  o.e.m.c.i.embedder.EclipseLogger - Using 'UTF-8' encoding to copy filtered resources.
2022-12-15 17:00:59,793 [Worker-85: Building] INFO  o.e.m.c.i.embedder.EclipseLogger - Using 'UTF-8' encoding to copy filtered properties files.
2022-12-15 17:00:59,794 [Worker-85: Building] INFO  o.e.m.c.i.embedder.EclipseLogger - Copying 1 resource
2022-12-15 17:00:59,806 [Worker-85: Building] INFO  o.e.m.c.i.embedder.EclipseLogger - Copying 0 resource
2022-12-15 17:00:59,808 [Worker-85: Building] INFO  o.e.m.c.i.embedder.EclipseLogger - Using 'UTF-8' encoding to copy filtered resources.
2022-12-15 17:00:59,808 [Worker-85: Building] INFO  o.e.m.c.i.embedder.EclipseLogger - Using 'UTF-8' encoding to copy filtered properties files.
2022-12-15 17:00:59,808 [Worker-85: Building] INFO  o.e.m.c.i.embedder.EclipseLogger - skip non existing resourceDirectory C:\Users\ACER\OneDrive\Desktop\Web-19-Github\Aman_fw19_0965\unit-7\sprint-4\optional\Thursday-spring-mock\CabBookingApplication\src\test\resources
2022-12-15 17:02:08,304 [Worker-85: Building] INFO  o.e.m.c.i.embedder.EclipseLogger - Using 'UTF-8' encoding to copy filtered resources.
2022-12-15 17:02:08,304 [Worker-85: Building] INFO  o.e.m.c.i.embedder.EclipseLogger - Using 'UTF-8' encoding to copy filtered properties files.
2022-12-15 17:02:08,305 [Worker-85: Building] INFO  o.e.m.c.i.embedder.EclipseLogger - Copying 1 resource
2022-12-15 17:02:08,313 [Worker-85: Building] INFO  o.e.m.c.i.embedder.EclipseLogger - Copying 0 resource
2022-12-15 17:02:08,314 [Worker-85: Building] INFO  o.e.m.c.i.embedder.EclipseLogger - Using 'UTF-8' encoding to copy filtered resources.
2022-12-15 17:02:08,315 [Worker-85: Building] INFO  o.e.m.c.i.embedder.EclipseLogger - Using 'UTF-8' encoding to copy filtered properties files.
2022-12-15 17:02:08,315 [Worker-85: Building] INFO  o.e.m.c.i.embedder.EclipseLogger - skip non existing resourceDirectory C:\Users\ACER\OneDrive\Desktop\Web-19-Github\Aman_fw19_0965\unit-7\sprint-4\optional\Thursday-spring-mock\CabBookingApplication\src\test\resources
2022-12-15 17:07:11,305 [Worker-88: Building] INFO  o.e.m.c.i.embedder.EclipseLogger - Using 'UTF-8' encoding to copy filtered resources.
2022-12-15 17:07:11,305 [Worker-88: Building] INFO  o.e.m.c.i.embedder.EclipseLogger - Using 'UTF-8' encoding to copy filtered properties files.
2022-12-15 17:07:11,306 [Worker-88: Building] INFO  o.e.m.c.i.embedder.EclipseLogger - Copying 1 resource
2022-12-15 17:07:11,318 [Worker-88: Building] INFO  o.e.m.c.i.embedder.EclipseLogger - Copying 0 resource
2022-12-15 17:07:11,320 [Worker-88: Building] INFO  o.e.m.c.i.embedder.EclipseLogger - Using 'UTF-8' encoding to copy filtered resources.
2022-12-15 17:07:11,320 [Worker-88: Building] INFO  o.e.m.c.i.embedder.EclipseLogger - Using 'UTF-8' encoding to copy filtered properties files.
2022-12-15 17:07:11,320 [Worker-88: Building] INFO  o.e.m.c.i.embedder.EclipseLogger - skip non existing resourceDirectory C:\Users\ACER\OneDrive\Desktop\Web-19-Github\Aman_fw19_0965\unit-7\sprint-4\optional\Thursday-spring-mock\CabBookingApplication\src\test\resources
2022-12-15 17:14:22,425 [Worker-89: Building] INFO  o.e.m.c.i.embedder.EclipseLogger - Using 'UTF-8' encoding to copy filtered resources.
2022-12-15 17:14:22,425 [Worker-89: Building] INFO  o.e.m.c.i.embedder.EclipseLogger - Using 'UTF-8' encoding to copy filtered properties files.
2022-12-15 17:14:22,427 [Worker-89: Building] INFO  o.e.m.c.i.embedder.EclipseLogger - Copying 1 resource
2022-12-15 17:14:22,448 [Worker-89: Building] INFO  o.e.m.c.i.embedder.EclipseLogger - Copying 0 resource
2022-12-15 17:14:22,449 [Worker-89: Building] INFO  o.e.m.c.i.embedder.EclipseLogger - Using 'UTF-8' encoding to copy filtered resources.
2022-12-15 17:14:22,450 [Worker-89: Building] INFO  o.e.m.c.i.embedder.EclipseLogger - Using 'UTF-8' encoding to copy filtered properties files.
2022-12-15 17:14:22,450 [Worker-89: Building] INFO  o.e.m.c.i.embedder.EclipseLogger - skip non existing resourceDirectory C:\Users\ACER\OneDrive\Desktop\Web-19-Github\Aman_fw19_0965\unit-7\sprint-4\optional\Thursday-spring-mock\CabBookingApplication\src\test\resources
2022-12-15 17:17:22,543 [Worker-88: Building] INFO  o.e.m.c.i.embedder.EclipseLogger - Using 'UTF-8' encoding to copy filtered resources.
2022-12-15 17:17:22,544 [Worker-88: Building] INFO  o.e.m.c.i.embedder.EclipseLogger - Using 'UTF-8' encoding to copy filtered properties files.
2022-12-15 17:17:22,546 [Worker-88: Building] INFO  o.e.m.c.i.embedder.EclipseLogger - Copying 1 resource
2022-12-15 17:17:22,557 [Worker-88: Building] INFO  o.e.m.c.i.embedder.EclipseLogger - Copying 0 resource
2022-12-15 17:17:22,560 [Worker-88: Building] INFO  o.e.m.c.i.embedder.EclipseLogger - Using 'UTF-8' encoding to copy filtered resources.
2022-12-15 17:17:22,560 [Worker-88: Building] INFO  o.e.m.c.i.embedder.EclipseLogger - Using 'UTF-8' encoding to copy filtered properties files.
2022-12-15 17:17:22,560 [Worker-88: Building] INFO  o.e.m.c.i.embedder.EclipseLogger - skip non existing resourceDirectory C:\Users\ACER\OneDrive\Desktop\Web-19-Github\Aman_fw19_0965\unit-7\sprint-4\optional\Thursday-spring-mock\CabBookingApplication\src\test\resources
2022-12-15 17:18:00,936 [Worker-93: Building] INFO  o.e.m.c.i.embedder.EclipseLogger - Using 'UTF-8' encoding to copy filtered resources.
2022-12-15 17:18:00,936 [Worker-93: Building] INFO  o.e.m.c.i.embedder.EclipseLogger - Using 'UTF-8' encoding to copy filtered properties files.
2022-12-15 17:18:00,937 [Worker-93: Building] INFO  o.e.m.c.i.embedder.EclipseLogger - Copying 1 resource
2022-12-15 17:18:00,942 [Worker-93: Building] INFO  o.e.m.c.i.embedder.EclipseLogger - Copying 0 resource
2022-12-15 17:18:00,943 [Worker-93: Building] INFO  o.e.m.c.i.embedder.EclipseLogger - Using 'UTF-8' encoding to copy filtered resources.
2022-12-15 17:18:00,944 [Worker-93: Building] INFO  o.e.m.c.i.embedder.EclipseLogger - Using 'UTF-8' encoding to copy filtered properties files.
2022-12-15 17:18:00,944 [Worker-93: Building] INFO  o.e.m.c.i.embedder.EclipseLogger - skip non existing resourceDirectory C:\Users\ACER\OneDrive\Desktop\Web-19-Github\Aman_fw19_0965\unit-7\sprint-4\optional\Thursday-spring-mock\CabBookingApplication\src\test\resources
2022-12-15 17:20:00,795 [Worker-94: Building] INFO  o.e.m.c.i.embedder.EclipseLogger - Using 'UTF-8' encoding to copy filtered resources.
2022-12-15 17:20:00,795 [Worker-94: Building] INFO  o.e.m.c.i.embedder.EclipseLogger - Using 'UTF-8' encoding to copy filtered properties files.
2022-12-15 17:20:00,797 [Worker-94: Building] INFO  o.e.m.c.i.embedder.EclipseLogger - Copying 1 resource
2022-12-15 17:20:00,803 [Worker-94: Building] INFO  o.e.m.c.i.embedder.EclipseLogger - Copying 0 resource
2022-12-15 17:20:00,804 [Worker-94: Building] INFO  o.e.m.c.i.embedder.EclipseLogger - Using 'UTF-8' encoding to copy filtered resources.
2022-12-15 17:20:00,804 [Worker-94: Building] INFO  o.e.m.c.i.embedder.EclipseLogger - Using 'UTF-8' encoding to copy filtered properties files.
2022-12-15 17:20:00,804 [Worker-94: Building] INFO  o.e.m.c.i.embedder.EclipseLogger - skip non existing resourceDirectory C:\Users\ACER\OneDrive\Desktop\Web-19-Github\Aman_fw19_0965\unit-7\sprint-4\optional\Thursday-spring-mock\CabBookingApplication\src\test\resources
2022-12-15 17:20:34,706 [Worker-94: Building] INFO  o.e.m.c.i.embedder.EclipseLogger - Using 'UTF-8' encoding to copy filtered resources.
2022-12-15 17:20:34,706 [Worker-94: Building] INFO  o.e.m.c.i.embedder.EclipseLogger - Using 'UTF-8' encoding to copy filtered properties files.
2022-12-15 17:20:34,722 [Worker-94: Building] INFO  o.e.m.c.i.embedder.EclipseLogger - Copying 1 resource
2022-12-15 17:20:34,722 [Worker-94: Building] INFO  o.e.m.c.i.embedder.EclipseLogger - Copying 0 resource
2022-12-15 17:20:34,737 [Worker-94: Building] INFO  o.e.m.c.i.embedder.EclipseLogger - Using 'UTF-8' encoding to copy filtered resources.
2022-12-15 17:20:34,737 [Worker-94: Building] INFO  o.e.m.c.i.embedder.EclipseLogger - Using 'UTF-8' encoding to copy filtered properties files.
2022-12-15 17:20:34,737 [Worker-94: Building] INFO  o.e.m.c.i.embedder.EclipseLogger - skip non existing resourceDirectory C:\Users\ACER\OneDrive\Desktop\Web-19-Github\Aman_fw19_0965\unit-7\sprint-4\optional\Thursday-spring-mock\CabBookingApplication\src\test\resources
